[INFO] [launch]: All log files can be found below /root/.ros/log/2026-06-21-13-16-51-411425-18b35ed0a07f-30
[INFO] [launch]: Default logging verbosity is set to INFO
[INFO] [gzserver-1]: process started with pid [32]
[INFO] [gzclient-2]: process started with pid [34]
[INFO] [robot_state_publisher-3]: process started with pid [36]
[INFO] [static_transform_publisher-4]: process started with pid [38]
[INFO] [static_transform_publisher-5]: process started with pid [40]
[INFO] [spawn_entity.py-6]: process started with pid [42]
[INFO] [spawn_entity.py-7]: process started with pid [44]
[INFO] [spawn_entity.py-8]: process started with pid [46]
[INFO] [move_group-9]: process started with pid [48]
[static_transform_publisher-4] [WARN] [1782047811.902925844] []: Old-style arguments are deprecated; see --help for new-style arguments
[static_transform_publisher-5] [WARN] [1782047811.908512198] []: Old-style arguments are deprecated; see --help for new-style arguments
[static_transform_publisher-4] [INFO] [1782047811.920755045] [belt1_sonar_tf]: Spinning until stopped - publishing transform
[static_transform_publisher-4] translation: ('0.000000', '0.600000', '0.791000')
[static_transform_publisher-4] rotation: ('0.000000', '0.707108', '0.000000', '0.707105')
[static_transform_publisher-4] from 'world' to 'belt1_sonar_link'
[static_transform_publisher-5] [INFO] [1782047811.926246133] [belt2_sonar_tf]: Spinning until stopped - publishing transform
[static_transform_publisher-5] translation: ('-0.700000', '-1.000000', '0.791000')
[static_transform_publisher-5] rotation: ('0.500002', '0.500000', '-0.500000', '0.499998')
[static_transform_publisher-5] from 'world' to 'belt2_sonar_link'
[robot_state_publisher-3] [INFO] [1782047811.960217754] [robot_state_publisher]: got segment Link_1
[robot_state_publisher-3] [INFO] [1782047811.960389493] [robot_state_publisher]: got segment Link_2
[robot_state_publisher-3] [INFO] [1782047811.960397979] [robot_state_publisher]: got segment Link_3
[robot_state_publisher-3] [INFO] [1782047811.960403419] [robot_state_publisher]: got segment Link_4
[robot_state_publisher-3] [INFO] [1782047811.960407898] [robot_state_publisher]: got segment base_link
[robot_state_publisher-3] [INFO] [1782047811.960412556] [robot_state_publisher]: got segment bobby_TCP
[robot_state_publisher-3] [INFO] [1782047811.960417145] [robot_state_publisher]: got segment bobby_base_link
[robot_state_publisher-3] [INFO] [1782047811.960422074] [robot_state_publisher]: got segment bobby_finger_left
[robot_state_publisher-3] [INFO] [1782047811.960426843] [robot_state_publisher]: got segment bobby_finger_right
[robot_state_publisher-3] [INFO] [1782047811.960431682] [robot_state_publisher]: got segment bobby_gripper_base
[robot_state_publisher-3] [INFO] [1782047811.960436290] [robot_state_publisher]: got segment bobby_gripper_flange
[robot_state_publisher-3] [INFO] [1782047811.960441169] [robot_state_publisher]: got segment bobby_link_1
[robot_state_publisher-3] [INFO] [1782047811.960445738] [robot_state_publisher]: got segment bobby_link_2
[robot_state_publisher-3] [INFO] [1782047811.960450216] [robot_state_publisher]: got segment bobby_link_3
[robot_state_publisher-3] [INFO] [1782047811.960455005] [robot_state_publisher]: got segment bobby_link_4
[robot_state_publisher-3] [INFO] [1782047811.960459644] [robot_state_publisher]: got segment bobby_link_5
[robot_state_publisher-3] [INFO] [1782047811.960464443] [robot_state_publisher]: got segment bobby_link_6
[robot_state_publisher-3] [INFO] [1782047811.960468991] [robot_state_publisher]: got segment world
[move_group-9] [INFO] [1782047811.987669717] [moveit_rdf_loader.rdf_loader]: Loaded robot model in 0 seconds
[move_group-9] [INFO] [1782047811.987766287] [moveit_robot_model.robot_model]: Loading robot model 'bobby_v3'...
[move_group-9] [INFO] [1782047811.987773921] [moveit_robot_model.robot_model]: No root/virtual joint specified in SRDF. Assuming fixed joint
[move_group-9] [INFO] [1782047812.042615452] [moveit_ros.planning_scene_monitor.planning_scene_monitor]: Publishing maintained planning scene on 'monitored_planning_scene'
[move_group-9] [INFO] [1782047812.042804904] [moveit.ros_planning_interface.moveit_cpp]: Listening to 'joint_states' for joint states
[move_group-9] [INFO] [1782047812.043488013] [moveit_ros.current_state_monitor]: Listening to joint states on topic 'joint_states'
[move_group-9] [INFO] [1782047812.043927940] [moveit_ros.planning_scene_monitor.planning_scene_monitor]: Listening to '/attached_collision_object' for attached collision objects
[move_group-9] [INFO] [1782047812.043945913] [moveit_ros.planning_scene_monitor.planning_scene_monitor]: Starting planning scene monitor
[move_group-9] [INFO] [1782047812.044234459] [moveit_ros.planning_scene_monitor.planning_scene_monitor]: Listening to '/planning_scene'
[move_group-9] [INFO] [1782047812.044246100] [moveit_ros.planning_scene_monitor.planning_scene_monitor]: Starting world geometry update monitor for collision objects, attached objects, octomap updates.
[move_group-9] [INFO] [1782047812.044663095] [moveit_ros.planning_scene_monitor.planning_scene_monitor]: Listening to 'collision_object'
[move_group-9] [INFO] [1782047812.045691755] [moveit_ros.planning_scene_monitor.planning_scene_monitor]: Listening to 'planning_scene_world' for planning scene world geometry
[move_group-9] [WARN] [1782047812.045960474] [moveit.ros.occupancy_map_monitor.middleware_handle]: Resolution not specified for Octomap. Assuming resolution = 0.1 instead
[move_group-9] [ERROR] [1782047812.045975733] [moveit.ros.occupancy_map_monitor.middleware_handle]: No 3D sensor plugin(s) defined for octomap updates
[move_group-9] [INFO] [1782047812.054041372] [moveit.ros_planning_interface.moveit_cpp]: Loading planning pipeline 'ompl'
[move_group-9] [INFO] [1782047812.064558625] [moveit.ros_planning.planning_pipeline]: Using planning interface 'OMPL'
[move_group-9] [INFO] [1782047812.066512914] [moveit_ros.add_time_optimal_parameterization]: Param 'ompl.path_tolerance' was not set. Using default value: 0.100000
[move_group-9] [INFO] [1782047812.066540546] [moveit_ros.add_time_optimal_parameterization]: Param 'ompl.resample_dt' was not set. Using default value: 0.100000
[move_group-9] [INFO] [1782047812.066545615] [moveit_ros.add_time_optimal_parameterization]: Param 'ompl.min_angle_change' was not set. Using default value: 0.001000
[move_group-9] [INFO] [1782047812.066569319] [moveit_ros.fix_workspace_bounds]: Param 'ompl.default_workspace_bounds' was not set. Using default value: 10.000000
[move_group-9] [INFO] [1782047812.066588434] [moveit_ros.fix_start_state_bounds]: Param 'ompl.start_state_max_bounds_error' was set to 0.100000
[move_group-9] [INFO] [1782047812.066594606] [moveit_ros.fix_start_state_bounds]: Param 'ompl.start_state_max_dt' was not set. Using default value: 0.500000
[move_group-9] [INFO] [1782047812.066605967] [moveit_ros.fix_start_state_collision]: Param 'ompl.start_state_max_dt' was not set. Using default value: 0.500000
[move_group-9] [INFO] [1782047812.066612269] [moveit_ros.fix_start_state_collision]: Param 'ompl.jiggle_fraction' was set to 0.050000
[move_group-9] [INFO] [1782047812.066618530] [moveit_ros.fix_start_state_collision]: Param 'ompl.max_sampling_attempts' was not set. Using default value: 100
[move_group-9] [INFO] [1782047812.066630102] [moveit.ros_planning.planning_pipeline]: Using planning request adapter 'Add Time Optimal Parameterization'
[move_group-9] [INFO] [1782047812.066635011] [moveit.ros_planning.planning_pipeline]: Using planning request adapter 'Resolve constraint frames to robot links'
[move_group-9] [INFO] [1782047812.066638518] [moveit.ros_planning.planning_pipeline]: Using planning request adapter 'Fix Workspace Bounds'
[move_group-9] [INFO] [1782047812.066641974] [moveit.ros_planning.planning_pipeline]: Using planning request adapter 'Fix Start State Bounds'
[move_group-9] [INFO] [1782047812.066645020] [moveit.ros_planning.planning_pipeline]: Using planning request adapter 'Fix Start State In Collision'
[move_group-9] [INFO] [1782047812.066647965] [moveit.ros_planning.planning_pipeline]: Using planning request adapter 'Fix Start State Path Constraints'
[move_group-9] [INFO] [1782047812.094659357] [moveit.plugins.moveit_simple_controller_manager]: Added FollowJointTrajectory controller for bobby_arm_controller
[move_group-9] [INFO] [1782047812.096318920] [moveit.plugins.moveit_simple_controller_manager]: Added FollowJointTrajectory controller for bobby_gripper_controller
[move_group-9] [INFO] [1782047812.096477404] [moveit.plugins.moveit_simple_controller_manager]: Returned 2 controllers in list
[move_group-9] [INFO] [1782047812.096500787] [moveit.plugins.moveit_simple_controller_manager]: Returned 2 controllers in list
[move_group-9] [INFO] [1782047812.097379299] [moveit_ros.trajectory_execution_manager]: Trajectory execution is managing controllers
[move_group-9] [INFO] [1782047812.097422680] [move_group.move_group]: MoveGroup debug mode is ON
[move_group-9] [INFO] [1782047812.110253018] [move_group.move_group]: 
[move_group-9] 
[move_group-9] ********************************************************
[move_group-9] * MoveGroup using: 
[move_group-9] *     - ApplyPlanningSceneService
[move_group-9] *     - ClearOctomapService
[move_group-9] *     - CartesianPathService
[move_group-9] *     - ExecuteTrajectoryAction
[move_group-9] *     - GetPlanningSceneService
[move_group-9] *     - KinematicsService
[move_group-9] *     - MoveAction
[move_group-9] *     - MotionPlanService
[move_group-9] *     - QueryPlannersService
[move_group-9] *     - StateValidationService
[move_group-9] ********************************************************
[move_group-9] 
[move_group-9] [INFO] [1782047812.110302460] [moveit_move_group_capabilities_base.move_group_context]: MoveGroup context using planning plugin ompl_interface/OMPLPlanner
[move_group-9] [INFO] [1782047812.110311086] [moveit_move_group_capabilities_base.move_group_context]: MoveGroup context initialization complete
[move_group-9] [96mLoading 'move_group/ApplyPlanningSceneService'...
[move_group-9] [0m[96mLoading 'move_group/ClearOctomapService'...
[move_group-9] [0m[96mLoading 'move_group/MoveGroupCartesianPathService'...
[move_group-9] [0m[96mLoading 'move_group/MoveGroupExecuteTrajectoryAction'...
[move_group-9] [0m[96mLoading 'move_group/MoveGroupGetPlanningSceneService'...
[move_group-9] [0m[96mLoading 'move_group/MoveGroupKinematicsService'...
[move_group-9] [0m[96mLoading 'move_group/MoveGroupMoveAction'...
[move_group-9] [0m[96mLoading 'move_group/MoveGroupPlanService'...
[move_group-9] [0m[96mLoading 'move_group/MoveGroupQueryPlannersService'...
[move_group-9] [0m[96mLoading 'move_group/MoveGroupStateValidationService'...
[move_group-9] [0m[92m
[move_group-9] You can start planning now!
[move_group-9] 
[spawn_entity.py-8] [INFO] [1782047812.259775450] [spawn_entity]: Spawn Entity started
[spawn_entity.py-8] [INFO] [1782047812.260216779] [spawn_entity]: Loading entity published on topic robot_description
[spawn_entity.py-6] [INFO] [1782047812.262778036] [spawn_entity]: Spawn Entity started
[spawn_entity.py-8] [INFO] [1782047812.263104583] [spawn_entity]: Waiting for entity xml on robot_description
[spawn_entity.py-6] [INFO] [1782047812.263313280] [spawn_entity]: Loading entity XML from file /ros2_ws/install/scara_robot_pkg/share/scara_robot_pkg/urdf/pedestal.urdf
[spawn_entity.py-6] [INFO] [1782047812.264209244] [spawn_entity]: Waiting for service /spawn_entity, timeout = 30
[spawn_entity.py-6] [INFO] [1782047812.264619416] [spawn_entity]: Waiting for service /spawn_entity
[spawn_entity.py-7] [INFO] [1782047812.270750473] [spawn_entity]: Spawn Entity started
[spawn_entity.py-7] [INFO] [1782047812.271098820] [spawn_entity]: Loading entity XML from file /ros2_ws/install/scara_robot_pkg/share/scara_robot_pkg/urdf/pedestal.urdf
[spawn_entity.py-7] [INFO] [1782047812.271624937] [spawn_entity]: Waiting for service /spawn_entity, timeout = 30
[spawn_entity.py-7] [INFO] [1782047812.271857609] [spawn_entity]: Waiting for service /spawn_entity
[spawn_entity.py-8] [INFO] [1782047812.274029562] [spawn_entity]: Waiting for service /spawn_entity, timeout = 30
[spawn_entity.py-8] [INFO] [1782047812.274395732] [spawn_entity]: Waiting for service /spawn_entity
[ERROR] [gzclient-2]: process has died [pid 34, exit code -6, cmd 'gzclient --gui-client-plugin=libgazebo_ros_eol_gui.so'].
[spawn_entity.py-6] [ERROR] [1782047842.311914249] [spawn_entity]: Service /spawn_entity unavailable. Was Gazebo started with GazeboRosFactory?
[spawn_entity.py-6] [ERROR] [1782047842.312231238] [spawn_entity]: Spawn service failed. Exiting.
[spawn_entity.py-7] [ERROR] [1782047842.315454596] [spawn_entity]: Service /spawn_entity unavailable. Was Gazebo started with GazeboRosFactory?
[spawn_entity.py-7] [ERROR] [1782047842.315866411] [spawn_entity]: Spawn service failed. Exiting.
[spawn_entity.py-8] [ERROR] [1782047842.321984748] [spawn_entity]: Service /spawn_entity unavailable. Was Gazebo started with GazeboRosFactory?
[spawn_entity.py-8] [ERROR] [1782047842.322377046] [spawn_entity]: Spawn service failed. Exiting.
[ERROR] [spawn_entity.py-6]: process has died [pid 42, exit code 1, cmd '/opt/ros/humble/lib/gazebo_ros/spawn_entity.py -file /ros2_ws/install/scara_robot_pkg/share/scara_robot_pkg/urdf/pedestal.urdf -entity scara_pedestal -x -1.0 -y 0.0 -z 0.0 --ros-args'].
[ERROR] [spawn_entity.py-7]: process has died [pid 44, exit code 1, cmd '/opt/ros/humble/lib/gazebo_ros/spawn_entity.py -file /ros2_ws/install/scara_robot_pkg/share/scara_robot_pkg/urdf/pedestal.urdf -entity bobby_pedestal -x 0.0 -y 1.5 -z 0.0 --ros-args'].
[ERROR] [spawn_entity.py-8]: process has died [pid 46, exit code 1, cmd '/opt/ros/humble/lib/gazebo_ros/spawn_entity.py -topic robot_description -entity combined_cell --ros-args'].
[INFO] [spawner-10]: process started with pid [327]
[INFO] [spawner-11]: process started with pid [329]
[INFO] [spawner-12]: process started with pid [331]
[INFO] [spawner-13]: process started with pid [333]
[spawner-10] [INFO] [1782047842.714045911] [spawner_joint_state_broadcaster]: waiting for service /controller_manager/list_controllers to become available...
[spawner-11] [INFO] [1782047842.716135823] [spawner_arm_trajectory_controller]: waiting for service /controller_manager/list_controllers to become available...
[spawner-13] [INFO] [1782047842.730844959] [spawner_bobby_gripper_controller]: waiting for service /controller_manager/list_controllers to become available...
[spawner-12] [INFO] [1782047842.732558443] [spawner_bobby_arm_controller]: waiting for service /controller_manager/list_controllers to become available...
[spawner-10] [WARN] [1782047852.728784588] [spawner_joint_state_broadcaster]: Could not contact service /controller_manager/list_controllers
[spawner-10] [INFO] [1782047852.729277163] [spawner_joint_state_broadcaster]: waiting for service /controller_manager/list_controllers to become available...
[spawner-11] [WARN] [1782047852.729910860] [spawner_arm_trajectory_controller]: Could not contact service /controller_manager/list_controllers
[spawner-11] [INFO] [1782047852.730359284] [spawner_arm_trajectory_controller]: waiting for service /controller_manager/list_controllers to become available...
[spawner-13] [WARN] [1782047852.744541654] [spawner_bobby_gripper_controller]: Could not contact service /controller_manager/list_controllers
[spawner-13] [INFO] [1782047852.744872969] [spawner_bobby_gripper_controller]: waiting for service /controller_manager/list_controllers to become available...
[spawner-12] [WARN] [1782047852.745608395] [spawner_bobby_arm_controller]: Could not contact service /controller_manager/list_controllers
[spawner-12] [INFO] [1782047852.745991597] [spawner_bobby_arm_controller]: waiting for service /controller_manager/list_controllers to become available...
[spawner-10] [WARN] [1782047862.743524958] [spawner_joint_state_broadcaster]: Could not contact service /controller_manager/list_controllers
[spawner-10] [INFO] [1782047862.743892741] [spawner_joint_state_broadcaster]: waiting for service /controller_manager/list_controllers to become available...
[spawner-11] [WARN] [1782047862.743883464] [spawner_arm_trajectory_controller]: Could not contact service /controller_manager/list_controllers
[spawner-11] [INFO] [1782047862.744146563] [spawner_arm_trajectory_controller]: waiting for service /controller_manager/list_controllers to become available...
[spawner-13] [WARN] [1782047862.759455248] [spawner_bobby_gripper_controller]: Could not contact service /controller_manager/list_controllers
[spawner-13] [INFO] [1782047862.759878304] [spawner_bobby_gripper_controller]: waiting for service /controller_manager/list_controllers to become available...
[spawner-12] [WARN] [1782047862.760004569] [spawner_bobby_arm_controller]: Could not contact service /controller_manager/list_controllers
[spawner-12] [INFO] [1782047862.760484410] [spawner_bobby_arm_controller]: waiting for service /controller_manager/list_controllers to become available...
[spawner-10] [WARN] [1782047872.757619863] [spawner_joint_state_broadcaster]: Could not contact service /controller_manager/list_controllers
[spawner-10] [INFO] [1782047872.757961868] [spawner_joint_state_broadcaster]: waiting for service /controller_manager/list_controllers to become available...
[spawner-11] [WARN] [1782047872.758209879] [spawner_arm_trajectory_controller]: Could not contact service /controller_manager/list_controllers
[spawner-11] [INFO] [1782047872.758573084] [spawner_arm_trajectory_controller]: waiting for service /controller_manager/list_controllers to become available...
[spawner-12] [WARN] [1782047872.774155060] [spawner_bobby_arm_controller]: Could not contact service /controller_manager/list_controllers
[spawner-12] [INFO] [1782047872.774480104] [spawner_bobby_arm_controller]: waiting for service /controller_manager/list_controllers to become available...
[spawner-13] [WARN] [1782047872.774891789] [spawner_bobby_gripper_controller]: Could not contact service /controller_manager/list_controllers
[spawner-13] [INFO] [1782047872.775383432] [spawner_bobby_gripper_controller]: waiting for service /controller_manager/list_controllers to become available...
[gzserver-1] ALSA lib confmisc.c:855:(parse_card) cannot find card '0'
[gzserver-1] ALSA lib conf.c:5178:(_snd_config_evaluate) function snd_func_card_inum returned error: No such file or directory
[gzserver-1] ALSA lib confmisc.c:422:(snd_func_concat) error evaluating strings
[gzserver-1] ALSA lib conf.c:5178:(_snd_config_evaluate) function snd_func_concat returned error: No such file or directory
[gzserver-1] ALSA lib confmisc.c:1334:(snd_func_refer) error evaluating name
[gzserver-1] ALSA lib conf.c:5178:(_snd_config_evaluate) function snd_func_refer returned error: No such file or directory
[gzserver-1] ALSA lib conf.c:5701:(snd_config_expand) Evaluate error: No such file or directory
[gzserver-1] ALSA lib pcm.c:2664:(snd_pcm_open_noupdate) Unknown PCM default
[gzserver-1] AL lib: (EE) ALCplaybackAlsa_open: Could not open playback device 'default': No such file or directory
[gzserver-1] [INFO] [1782047876.263032377] [belt1_sonar_plugin]: missing <radiation_type>, defaulting to infrared
[gzserver-1] [INFO] [1782047876.268914047] [belt2_sonar_plugin]: missing <radiation_type>, defaulting to infrared
[gzserver-1] [INFO] [1782047876.279264151] [gazebo_ros_state]: Publishing states of gazebo models at [/model_states]
[gzserver-1] [INFO] [1782047876.279580038] [gazebo_ros_state]: Publishing states of gazebo links at [/link_states]
[gzserver-1] [INFO] [1782047876.293762474] [ros2_conveyorbelt_plugin]: GAZEBO ConveyorBelt plugin loaded successfully.
[gzserver-1] [INFO] [1782047876.298614731] [belt2.ros2_conveyorbelt_plugin]: GAZEBO ConveyorBelt plugin loaded successfully.
[spawner-10] [WARN] [1782047882.771631362] [spawner_joint_state_broadcaster]: Could not contact service /controller_manager/list_controllers
[spawner-10] [INFO] [1782047882.772000628] [spawner_joint_state_broadcaster]: waiting for service /controller_manager/list_controllers to become available...
[spawner-11] [WARN] [1782047882.772184480] [spawner_arm_trajectory_controller]: Could not contact service /controller_manager/list_controllers
[spawner-11] [INFO] [1782047882.772477685] [spawner_arm_trajectory_controller]: waiting for service /controller_manager/list_controllers to become available...
[spawner-12] [WARN] [1782047882.787913692] [spawner_bobby_arm_controller]: Could not contact service /controller_manager/list_controllers
[spawner-12] [INFO] [1782047882.788220943] [spawner_bobby_arm_controller]: waiting for service /controller_manager/list_controllers to become available...
[spawner-13] [WARN] [1782047882.789611578] [spawner_bobby_gripper_controller]: Could not contact service /controller_manager/list_controllers
[spawner-13] [INFO] [1782047882.789900575] [spawner_bobby_gripper_controller]: waiting for service /controller_manager/list_controllers to become available...
[spawner-10] [WARN] [1782047892.786046721] [spawner_joint_state_broadcaster]: Could not contact service /controller_manager/list_controllers
[spawner-11] [WARN] [1782047892.786247263] [spawner_arm_trajectory_controller]: Could not contact service /controller_manager/list_controllers
[spawner-11] [INFO] [1782047892.786513147] [spawner_arm_trajectory_controller]: waiting for service /controller_manager/list_controllers to become available...
[spawner-10] [INFO] [1782047892.786375973] [spawner_joint_state_broadcaster]: waiting for service /controller_manager/list_controllers to become available...
[spawner-12] [WARN] [1782047892.801533274] [spawner_bobby_arm_controller]: Could not contact service /controller_manager/list_controllers
[spawner-12] [INFO] [1782047892.801917929] [spawner_bobby_arm_controller]: waiting for service /controller_manager/list_controllers to become available...
[spawner-13] [WARN] [1782047892.803863235] [spawner_bobby_gripper_controller]: Could not contact service /controller_manager/list_controllers
[spawner-13] [INFO] [1782047892.804115544] [spawner_bobby_gripper_controller]: waiting for service /controller_manager/list_controllers to become available...
[spawner-11] [WARN] [1782047902.800247182] [spawner_arm_trajectory_controller]: Could not contact service /controller_manager/list_controllers
[spawner-10] [WARN] [1782047902.800247222] [spawner_joint_state_broadcaster]: Could not contact service /controller_manager/list_controllers
[spawner-10] [INFO] [1782047902.800519739] [spawner_joint_state_broadcaster]: waiting for service /controller_manager/list_controllers to become available...
[spawner-11] [INFO] [1782047902.800523205] [spawner_arm_trajectory_controller]: waiting for service /controller_manager/list_controllers to become available...
[spawner-12] [WARN] [1782047902.815602684] [spawner_bobby_arm_controller]: Could not contact service /controller_manager/list_controllers
[spawner-12] [INFO] [1782047902.816097154] [spawner_bobby_arm_controller]: waiting for service /controller_manager/list_controllers to become available...
[spawner-13] [WARN] [1782047902.817919441] [spawner_bobby_gripper_controller]: Could not contact service /controller_manager/list_controllers
[spawner-13] [INFO] [1782047902.818173623] [spawner_bobby_gripper_controller]: waiting for service /controller_manager/list_controllers to become available...
[spawner-11] [WARN] [1782047912.814242364] [spawner_arm_trajectory_controller]: Could not contact service /controller_manager/list_controllers
[spawner-10] [WARN] [1782047912.814316442] [spawner_joint_state_broadcaster]: Could not contact service /controller_manager/list_controllers
[spawner-11] [INFO] [1782047912.814523186] [spawner_arm_trajectory_controller]: waiting for service /controller_manager/list_controllers to become available...
[spawner-10] [INFO] [1782047912.814605910] [spawner_joint_state_broadcaster]: waiting for service /controller_manager/list_controllers to become available...
[spawner-12] [WARN] [1782047912.829890713] [spawner_bobby_arm_controller]: Could not contact service /controller_manager/list_controllers
[spawner-12] [INFO] [1782047912.830162669] [spawner_bobby_arm_controller]: waiting for service /controller_manager/list_controllers to become available...
[spawner-13] [WARN] [1782047912.831521235] [spawner_bobby_gripper_controller]: Could not contact service /controller_manager/list_controllers
[spawner-13] [INFO] [1782047912.831814259] [spawner_bobby_gripper_controller]: waiting for service /controller_manager/list_controllers to become available...
[spawner-10] [WARN] [1782047922.828403725] [spawner_joint_state_broadcaster]: Could not contact service /controller_manager/list_controllers
[spawner-11] [WARN] [1782047922.828403635] [spawner_arm_trajectory_controller]: Could not contact service /controller_manager/list_controllers
[spawner-11] [INFO] [1782047922.828789452] [spawner_arm_trajectory_controller]: waiting for service /controller_manager/list_controllers to become available...
[spawner-10] [INFO] [1782047922.828853051] [spawner_joint_state_broadcaster]: waiting for service /controller_manager/list_controllers to become available...
[spawner-12] [WARN] [1782047922.843945159] [spawner_bobby_arm_controller]: Could not contact service /controller_manager/list_controllers
[spawner-12] [INFO] [1782047922.844223155] [spawner_bobby_arm_controller]: waiting for service /controller_manager/list_controllers to become available...
[spawner-13] [WARN] [1782047922.845187628] [spawner_bobby_gripper_controller]: Could not contact service /controller_manager/list_controllers
[spawner-13] [INFO] [1782047922.845470294] [spawner_bobby_gripper_controller]: waiting for service /controller_manager/list_controllers to become available...
[spawner-11] [WARN] [1782047932.842251302] [spawner_arm_trajectory_controller]: Could not contact service /controller_manager/list_controllers
[spawner-10] [WARN] [1782047932.842245492] [spawner_joint_state_broadcaster]: Could not contact service /controller_manager/list_controllers
[spawner-11] [INFO] [1782047932.842535170] [spawner_arm_trajectory_controller]: waiting for service /controller_manager/list_controllers to become available...
[spawner-10] [INFO] [1782047932.842540981] [spawner_joint_state_broadcaster]: waiting for service /controller_manager/list_controllers to become available...
[spawner-12] [WARN] [1782047932.857897372] [spawner_bobby_arm_controller]: Could not contact service /controller_manager/list_controllers
[spawner-12] [INFO] [1782047932.858171432] [spawner_bobby_arm_controller]: waiting for service /controller_manager/list_controllers to become available...
[spawner-13] [WARN] [1782047932.859194735] [spawner_bobby_gripper_controller]: Could not contact service /controller_manager/list_controllers
[spawner-13] [INFO] [1782047932.859461681] [spawner_bobby_gripper_controller]: waiting for service /controller_manager/list_controllers to become available...
[spawner-11] [WARN] [1782047942.856226357] [spawner_arm_trajectory_controller]: Could not contact service /controller_manager/list_controllers
[spawner-10] [WARN] [1782047942.856225635] [spawner_joint_state_broadcaster]: Could not contact service /controller_manager/list_controllers
[spawner-11] [INFO] [1782047942.856464319] [spawner_arm_trajectory_controller]: waiting for service /controller_manager/list_controllers to become available...
[spawner-10] [INFO] [1782047942.856482723] [spawner_joint_state_broadcaster]: waiting for service /controller_manager/list_controllers to become available...
[spawner-12] [WARN] [1782047942.871470802] [spawner_bobby_arm_controller]: Could not contact service /controller_manager/list_controllers
[spawner-12] [INFO] [1782047942.871678819] [spawner_bobby_arm_controller]: waiting for service /controller_manager/list_controllers to become available...
[spawner-13] [WARN] [1782047942.872436608] [spawner_bobby_gripper_controller]: Could not contact service /controller_manager/list_controllers
[spawner-13] [INFO] [1782047942.872640317] [spawner_bobby_gripper_controller]: waiting for service /controller_manager/list_controllers to become available...
[spawner-10] [WARN] [1782047952.870120110] [spawner_joint_state_broadcaster]: Could not contact service /controller_manager/list_controllers
[spawner-11] [WARN] [1782047952.870120110] [spawner_arm_trajectory_controller]: Could not contact service /controller_manager/list_controllers
[spawner-11] [INFO] [1782047952.870512650] [spawner_arm_trajectory_controller]: waiting for service /controller_manager/list_controllers to become available...
[spawner-10] [INFO] [1782047952.870512579] [spawner_joint_state_broadcaster]: waiting for service /controller_manager/list_controllers to become available...
[spawner-12] [WARN] [1782047952.885071613] [spawner_bobby_arm_controller]: Could not contact service /controller_manager/list_controllers
[spawner-12] [INFO] [1782047952.885473911] [spawner_bobby_arm_controller]: waiting for service /controller_manager/list_controllers to become available...
[spawner-13] [WARN] [1782047952.886203648] [spawner_bobby_gripper_controller]: Could not contact service /controller_manager/list_controllers
[spawner-13] [INFO] [1782047952.886523633] [spawner_bobby_gripper_controller]: waiting for service /controller_manager/list_controllers to become available...
[spawner-10] [WARN] [1782047962.883978327] [spawner_joint_state_broadcaster]: Could not contact service /controller_manager/list_controllers
[spawner-11] [WARN] [1782047962.883996511] [spawner_arm_trajectory_controller]: Could not contact service /controller_manager/list_controllers
[spawner-11] [INFO] [1782047962.884292611] [spawner_arm_trajectory_controller]: waiting for service /controller_manager/list_controllers to become available...
[spawner-10] [INFO] [1782047962.884379373] [spawner_joint_state_broadcaster]: waiting for service /controller_manager/list_controllers to become available...
[spawner-12] [WARN] [1782047962.898620918] [spawner_bobby_arm_controller]: Could not contact service /controller_manager/list_controllers
[spawner-12] [INFO] [1782047962.898986628] [spawner_bobby_arm_controller]: waiting for service /controller_manager/list_controllers to become available...
[spawner-13] [WARN] [1782047962.899875200] [spawner_bobby_gripper_controller]: Could not contact service /controller_manager/list_controllers
[spawner-13] [INFO] [1782047962.900218899] [spawner_bobby_gripper_controller]: waiting for service /controller_manager/list_controllers to become available...
[spawner-10] [WARN] [1782047972.897705932] [spawner_joint_state_broadcaster]: Could not contact service /controller_manager/list_controllers
[spawner-11] [WARN] [1782047972.897772065] [spawner_arm_trajectory_controller]: Could not contact service /controller_manager/list_controllers
[spawner-10] [INFO] [1782047972.898033080] [spawner_joint_state_broadcaster]: waiting for service /controller_manager/list_controllers to become available...
[spawner-11] [INFO] [1782047972.898145580] [spawner_arm_trajectory_controller]: waiting for service /controller_manager/list_controllers to become available...
[spawner-12] [WARN] [1782047972.912672808] [spawner_bobby_arm_controller]: Could not contact service /controller_manager/list_controllers
[spawner-12] [INFO] [1782047972.913030483] [spawner_bobby_arm_controller]: waiting for service /controller_manager/list_controllers to become available...
[spawner-13] [WARN] [1782047972.913318589] [spawner_bobby_gripper_controller]: Could not contact service /controller_manager/list_controllers
[spawner-13] [INFO] [1782047972.913736907] [spawner_bobby_gripper_controller]: waiting for service /controller_manager/list_controllers to become available...
[spawner-11] [WARN] [1782047982.911836472] [spawner_arm_trajectory_controller]: Could not contact service /controller_manager/list_controllers
[spawner-10] [WARN] [1782047982.911878991] [spawner_joint_state_broadcaster]: Could not contact service /controller_manager/list_controllers
[spawner-11] [INFO] [1782047982.912126311] [spawner_arm_trajectory_controller]: waiting for service /controller_manager/list_controllers to become available...
[spawner-10] [INFO] [1782047982.912148552] [spawner_joint_state_broadcaster]: waiting for service /controller_manager/list_controllers to become available...
[spawner-12] [WARN] [1782047982.926240804] [spawner_bobby_arm_controller]: Could not contact service /controller_manager/list_controllers
[spawner-12] [INFO] [1782047982.926513832] [spawner_bobby_arm_controller]: waiting for service /controller_manager/list_controllers to become available...
[spawner-13] [WARN] [1782047982.927192955] [spawner_bobby_gripper_controller]: Could not contact service /controller_manager/list_controllers
[spawner-13] [INFO] [1782047982.927545931] [spawner_bobby_gripper_controller]: waiting for service /controller_manager/list_controllers to become available...
[spawner-10] [WARN] [1782047992.926002375] [spawner_joint_state_broadcaster]: Could not contact service /controller_manager/list_controllers
[spawner-11] [WARN] [1782047992.926031479] [spawner_arm_trajectory_controller]: Could not contact service /controller_manager/list_controllers
[spawner-10] [INFO] [1782047992.926297904] [spawner_joint_state_broadcaster]: waiting for service /controller_manager/list_controllers to become available...
[spawner-11] [INFO] [1782047992.926305368] [spawner_arm_trajectory_controller]: waiting for service /controller_manager/list_controllers to become available...
[spawner-12] [WARN] [1782047992.939906889] [spawner_bobby_arm_controller]: Could not contact service /controller_manager/list_controllers
[spawner-12] [INFO] [1782047992.940280955] [spawner_bobby_arm_controller]: waiting for service /controller_manager/list_controllers to become available...
[spawner-13] [WARN] [1782047992.940866063] [spawner_bobby_gripper_controller]: Could not contact service /controller_manager/list_controllers
[spawner-13] [INFO] [1782047992.941133470] [spawner_bobby_gripper_controller]: waiting for service /controller_manager/list_controllers to become available...
[move_group-9] [INFO] [1782047996.193596593] [rclcpp]: signal_handler(SIGINT/SIGTERM)
[gzserver-1] [INFO] [1782047996.195617703] [rclcpp]: signal_handler(SIGINT/SIGTERM)
[ERROR] [spawner-12]: process has died [pid 331, exit code -15, cmd '/opt/ros/humble/lib/controller_manager/spawner bobby_arm_controller -c /controller_manager --ros-args'].
[ERROR] [spawner-13]: process has died [pid 333, exit code -15, cmd '/opt/ros/humble/lib/controller_manager/spawner bobby_gripper_controller -c /controller_manager --ros-args'].
[ERROR] [spawner-11]: process has died [pid 329, exit code -15, cmd '/opt/ros/humble/lib/controller_manager/spawner arm_trajectory_controller -c /controller_manager --ros-args'].
[ERROR] [spawner-10]: process has died [pid 327, exit code -15, cmd '/opt/ros/humble/lib/controller_manager/spawner joint_state_broadcaster -c /controller_manager --ros-args'].
[move_group-9] [INFO] [1782047996.210142452] [moveit.ros_planning_interface.moveit_cpp]: Deleting MoveItCpp
[move_group-9] [INFO] [1782047996.211080286] [moveit_ros.planning_scene_monitor.planning_scene_monitor]: Stopped publishing maintained planning scene.
[move_group-9] [INFO] [1782047996.212159924] [moveit_ros.planning_scene_monitor.planning_scene_monitor]: Stopping world geometry monitor
[move_group-9] [INFO] [1782047996.212817788] [moveit_ros.planning_scene_monitor.planning_scene_monitor]: Stopping planning scene monitor
[move_group-9] Warning: class_loader.ClassLoader: SEVERE WARNING!!! Attempting to unload library while objects created by this loader exist in the heap! You should delete your objects before attempting to unload the library or destroying the ClassLoader. The library will NOT be unloaded.
[move_group-9]          at line 127 in ./src/class_loader.cpp
[move_group-9] Stack trace (most recent call last):
[move_group-9] #16   Object "/usr/lib/x86_64-linux-gnu/ld-linux-x86-64.so.2", at 0xffffffffffffffff, in 
[move_group-9] #15   Object "/opt/ros/humble/lib/moveit_ros_move_group/move_group", at 0x558fb9bd7724, in 
[move_group-9] #14   Object "/usr/lib/x86_64-linux-gnu/libc.so.6", at 0x76c075676e3f, in __libc_start_main
[move_group-9] #13   Object "/usr/lib/x86_64-linux-gnu/libc.so.6", at 0x76c075676d8f, in 
[move_group-9] #12   Object "/opt/ros/humble/lib/moveit_ros_move_group/move_group", at 0x558fb9bd665b, in 
[move_group-9] #11   Object "/opt/ros/humble/lib/moveit_ros_move_group/move_group", at 0x558fb9bd8709, in 
[move_group-9] #10   Object "/opt/ros/humble/lib/libmoveit_cpp.so.2.5.9", at 0x76c075fde876, in moveit_cpp::MoveItCpp::~MoveItCpp()
[move_group-9] #9    Object "/opt/ros/humble/lib/libmoveit_cpp.so.2.5.9", at 0x76c075fdcba9, in 
[move_group-9] #8    Object "/opt/ros/humble/lib/libmoveit_trajectory_execution_manager.so.2.5.9", at 0x76c07536c3b5, in trajectory_execution_manager::TrajectoryExecutionManager::~TrajectoryExecutionManager()
[move_group-9] #7    Object "/opt/ros/humble/lib/libmoveit_trajectory_execution_manager.so.2.5.9", at 0x76c07537f2d9, in 
[move_group-9] #6    Object "/opt/ros/humble/lib/librclcpp.so", at 0x76c075c3fb8c, in rclcpp::Node::~Node()
[move_group-9] #5    Object "/opt/ros/humble/lib/librclcpp.so", at 0x76c075c3fb2e, in rclcpp::Node::~Node()
[move_group-9] #4    Object "/opt/ros/humble/lib/librclcpp.so", at 0x76c075c1ad39, in 
[move_group-9] #3    Object "/opt/ros/humble/lib/librclcpp.so", at 0x76c075c490b9, in 
[move_group-9] #2    Object "/opt/ros/humble/lib/librclcpp.so", at 0x76c075c49000, in rclcpp::node_interfaces::NodeBase::~NodeBase()
[move_group-9] #1    Object "/opt/ros/humble/lib/librclcpp.so", at 0x76c075c1ad39, in 
[move_group-9] #0    Object "/opt/ros/humble/lib/librclcpp.so", at 0x76c075c1fb31, in rclcpp::CallbackGroup::~CallbackGroup()
[move_group-9] Segmentation fault (Address not mapped to object [0x76c054730798])
[ERROR] [move_group-9]: process has died [pid 48, exit code -11, cmd '/opt/ros/humble/lib/moveit_ros_move_group/move_group --ros-args --params-file /tmp/launch_params_06w0h8by --params-file /tmp/launch_params_ra_370po'].
[move_group-9] [0m
