[INFO] [launch]: All log files can be found below /root/.ros/log/2026-06-21-13-11-24-137644-5df5bea35adf-30
[INFO] [launch]: Default logging verbosity is set to INFO
[INFO] [gzserver-1]: process started with pid [32]
[INFO] [gzclient-2]: process started with pid [34]
[INFO] [robot_state_publisher-3]: process started with pid [36]
[INFO] [static_transform_publisher-4]: process started with pid [38]
[INFO] [static_transform_publisher-5]: process started with pid [40]
[INFO] [spawn_entity.py-6]: process started with pid [42]
[INFO] [spawn_entity.py-7]: process started with pid [44]
[INFO] [spawn_entity.py-8]: process started with pid [46]
[INFO] [move_group-9]: process started with pid [48]
[static_transform_publisher-4] [WARN] [1782047484.791925942] []: Old-style arguments are deprecated; see --help for new-style arguments
[static_transform_publisher-5] [WARN] [1782047484.795656509] []: Old-style arguments are deprecated; see --help for new-style arguments
[static_transform_publisher-4] [INFO] [1782047484.801894800] [belt1_sonar_tf]: Spinning until stopped - publishing transform
[static_transform_publisher-4] translation: ('0.000000', '0.600000', '0.791000')
[static_transform_publisher-4] rotation: ('0.000000', '0.707108', '0.000000', '0.707105')
[static_transform_publisher-4] from 'world' to 'belt1_sonar_link'
[static_transform_publisher-5] [INFO] [1782047484.829864066] [belt2_sonar_tf]: Spinning until stopped - publishing transform
[static_transform_publisher-5] translation: ('-0.700000', '-1.000000', '0.791000')
[static_transform_publisher-5] rotation: ('0.500002', '0.500000', '-0.500000', '0.499998')
[static_transform_publisher-5] from 'world' to 'belt2_sonar_link'
[move_group-9] [INFO] [1782047484.883740857] [moveit_rdf_loader.rdf_loader]: Loaded robot model in 0 seconds
[move_group-9] [INFO] [1782047484.883874196] [moveit_robot_model.robot_model]: Loading robot model 'bobby_v3'...
[move_group-9] [INFO] [1782047484.883888483] [moveit_robot_model.robot_model]: No root/virtual joint specified in SRDF. Assuming fixed joint
[robot_state_publisher-3] [INFO] [1782047484.889957057] [robot_state_publisher]: got segment Link_1
[robot_state_publisher-3] [INFO] [1782047484.890201914] [robot_state_publisher]: got segment Link_2
[robot_state_publisher-3] [INFO] [1782047484.890214337] [robot_state_publisher]: got segment Link_3
[robot_state_publisher-3] [INFO] [1782047484.890221901] [robot_state_publisher]: got segment Link_4
[robot_state_publisher-3] [INFO] [1782047484.890228924] [robot_state_publisher]: got segment base_link
[robot_state_publisher-3] [INFO] [1782047484.890235837] [robot_state_publisher]: got segment bobby_TCP
[robot_state_publisher-3] [INFO] [1782047484.890242620] [robot_state_publisher]: got segment bobby_base_link
[robot_state_publisher-3] [INFO] [1782047484.890249693] [robot_state_publisher]: got segment bobby_finger_left
[robot_state_publisher-3] [INFO] [1782047484.890256516] [robot_state_publisher]: got segment bobby_finger_right
[robot_state_publisher-3] [INFO] [1782047484.890263479] [robot_state_publisher]: got segment bobby_gripper_base
[robot_state_publisher-3] [INFO] [1782047484.890270222] [robot_state_publisher]: got segment bobby_gripper_flange
[robot_state_publisher-3] [INFO] [1782047484.890277205] [robot_state_publisher]: got segment bobby_link_1
[robot_state_publisher-3] [INFO] [1782047484.890283717] [robot_state_publisher]: got segment bobby_link_2
[robot_state_publisher-3] [INFO] [1782047484.890290199] [robot_state_publisher]: got segment bobby_link_3
[robot_state_publisher-3] [INFO] [1782047484.890296972] [robot_state_publisher]: got segment bobby_link_4
[robot_state_publisher-3] [INFO] [1782047484.890303293] [robot_state_publisher]: got segment bobby_link_5
[robot_state_publisher-3] [INFO] [1782047484.890309936] [robot_state_publisher]: got segment bobby_link_6
[robot_state_publisher-3] [INFO] [1782047484.890316328] [robot_state_publisher]: got segment world
[move_group-9] [INFO] [1782047484.965544696] [moveit_ros.planning_scene_monitor.planning_scene_monitor]: Publishing maintained planning scene on 'monitored_planning_scene'
[move_group-9] [INFO] [1782047484.965763114] [moveit.ros_planning_interface.moveit_cpp]: Listening to 'joint_states' for joint states
[move_group-9] [INFO] [1782047484.969251348] [moveit_ros.current_state_monitor]: Listening to joint states on topic 'joint_states'
[move_group-9] [INFO] [1782047484.970380106] [moveit_ros.planning_scene_monitor.planning_scene_monitor]: Listening to '/attached_collision_object' for attached collision objects
[move_group-9] [INFO] [1782047484.970406967] [moveit_ros.planning_scene_monitor.planning_scene_monitor]: Starting planning scene monitor
[move_group-9] [INFO] [1782047484.971952453] [moveit_ros.planning_scene_monitor.planning_scene_monitor]: Listening to '/planning_scene'
[move_group-9] [INFO] [1782047484.971977309] [moveit_ros.planning_scene_monitor.planning_scene_monitor]: Starting world geometry update monitor for collision objects, attached objects, octomap updates.
[move_group-9] [INFO] [1782047484.973035967] [moveit_ros.planning_scene_monitor.planning_scene_monitor]: Listening to 'collision_object'
[move_group-9] [INFO] [1782047484.974406626] [moveit_ros.planning_scene_monitor.planning_scene_monitor]: Listening to 'planning_scene_world' for planning scene world geometry
[move_group-9] [WARN] [1782047484.974690697] [moveit.ros.occupancy_map_monitor.middleware_handle]: Resolution not specified for Octomap. Assuming resolution = 0.1 instead
[move_group-9] [ERROR] [1782047484.974713550] [moveit.ros.occupancy_map_monitor.middleware_handle]: No 3D sensor plugin(s) defined for octomap updates
[move_group-9] [INFO] [1782047484.981460961] [moveit.ros_planning_interface.moveit_cpp]: Loading planning pipeline 'ompl'
[move_group-9] [INFO] [1782047484.991676430] [moveit.ros_planning.planning_pipeline]: Using planning interface 'OMPL'
[move_group-9] [INFO] [1782047484.993656328] [moveit_ros.add_time_optimal_parameterization]: Param 'ompl.path_tolerance' was not set. Using default value: 0.100000
[move_group-9] [INFO] [1782047484.993674632] [moveit_ros.add_time_optimal_parameterization]: Param 'ompl.resample_dt' was not set. Using default value: 0.100000
[move_group-9] [INFO] [1782047484.993678850] [moveit_ros.add_time_optimal_parameterization]: Param 'ompl.min_angle_change' was not set. Using default value: 0.001000
[move_group-9] [INFO] [1782047484.993695641] [moveit_ros.fix_workspace_bounds]: Param 'ompl.default_workspace_bounds' was not set. Using default value: 10.000000
[move_group-9] [INFO] [1782047484.993715829] [moveit_ros.fix_start_state_bounds]: Param 'ompl.start_state_max_bounds_error' was set to 0.100000
[move_group-9] [INFO] [1782047484.993720347] [moveit_ros.fix_start_state_bounds]: Param 'ompl.start_state_max_dt' was not set. Using default value: 0.500000
[move_group-9] [INFO] [1782047484.993728783] [moveit_ros.fix_start_state_collision]: Param 'ompl.start_state_max_dt' was not set. Using default value: 0.500000
[move_group-9] [INFO] [1782047484.993733001] [moveit_ros.fix_start_state_collision]: Param 'ompl.jiggle_fraction' was set to 0.050000
[move_group-9] [INFO] [1782047484.993737129] [moveit_ros.fix_start_state_collision]: Param 'ompl.max_sampling_attempts' was not set. Using default value: 100
[move_group-9] [INFO] [1782047484.993744943] [moveit.ros_planning.planning_pipeline]: Using planning request adapter 'Add Time Optimal Parameterization'
[move_group-9] [INFO] [1782047484.993747758] [moveit.ros_planning.planning_pipeline]: Using planning request adapter 'Resolve constraint frames to robot links'
[move_group-9] [INFO] [1782047484.993749993] [moveit.ros_planning.planning_pipeline]: Using planning request adapter 'Fix Workspace Bounds'
[move_group-9] [INFO] [1782047484.993752177] [moveit.ros_planning.planning_pipeline]: Using planning request adapter 'Fix Start State Bounds'
[move_group-9] [INFO] [1782047484.993754170] [moveit.ros_planning.planning_pipeline]: Using planning request adapter 'Fix Start State In Collision'
[move_group-9] [INFO] [1782047484.993756124] [moveit.ros_planning.planning_pipeline]: Using planning request adapter 'Fix Start State Path Constraints'
[move_group-9] [ERROR] [1782047485.013458901] [moveit.plugins.moveit_simple_controller_manager]: No action namespace specified for controller `bobby_arm_controller` through parameter `moveit_simple_controller_manager.bobby_arm_controller.action_ns`
[move_group-9] [ERROR] [1782047485.013531677] [moveit.plugins.moveit_simple_controller_manager]: No action namespace specified for controller `bobby_gripper_controller` through parameter `moveit_simple_controller_manager.bobby_gripper_controller.action_ns`
[move_group-9] [INFO] [1782047485.013691866] [moveit.plugins.moveit_simple_controller_manager]: Returned 0 controllers in list
[move_group-9] [INFO] [1782047485.013704059] [moveit.plugins.moveit_simple_controller_manager]: Returned 0 controllers in list
[move_group-9] [INFO] [1782047485.015805454] [moveit_ros.trajectory_execution_manager]: Trajectory execution is managing controllers
[move_group-9] [INFO] [1782047485.015832885] [move_group.move_group]: MoveGroup debug mode is ON
[move_group-9] [INFO] [1782047485.029952175] [move_group.move_group]: 
[move_group-9] 
[move_group-9] ********************************************************
[move_group-9] * MoveGroup using: 
[move_group-9] *     - ApplyPlanningSceneService
[move_group-9] *     - ClearOctomapService
[move_group-9] *     - CartesianPathService
[move_group-9] *     - ExecuteTrajectoryAction
[move_group-9] *     - GetPlanningSceneService
[move_group-9] *     - KinematicsService
[move_group-9] *     - MoveAction
[move_group-9] *     - MotionPlanService
[move_group-9] *     - QueryPlannersService
[move_group-9] *     - StateValidationService
[move_group-9] ********************************************************
[move_group-9] 
[move_group-9] [INFO] [1782047485.030006226] [moveit_move_group_capabilities_base.move_group_context]: MoveGroup context using planning plugin ompl_interface/OMPLPlanner
[move_group-9] [INFO] [1782047485.030014882] [moveit_move_group_capabilities_base.move_group_context]: MoveGroup context initialization complete
[move_group-9] [96mLoading 'move_group/ApplyPlanningSceneService'...
[move_group-9] [0m[96mLoading 'move_group/ClearOctomapService'...
[move_group-9] [0m[96mLoading 'move_group/MoveGroupCartesianPathService'...
[move_group-9] [0m[96mLoading 'move_group/MoveGroupExecuteTrajectoryAction'...
[move_group-9] [0m[96mLoading 'move_group/MoveGroupGetPlanningSceneService'...
[move_group-9] [0m[96mLoading 'move_group/MoveGroupKinematicsService'...
[move_group-9] [0m[96mLoading 'move_group/MoveGroupMoveAction'...
[move_group-9] [0m[96mLoading 'move_group/MoveGroupPlanService'...
[move_group-9] [0m[96mLoading 'move_group/MoveGroupQueryPlannersService'...
[move_group-9] [0m[96mLoading 'move_group/MoveGroupStateValidationService'...
[move_group-9] [0m[92m
[move_group-9] You can start planning now!
[move_group-9] 
[spawn_entity.py-8] [INFO] [1782047485.201518666] [spawn_entity]: Spawn Entity started
[spawn_entity.py-8] [INFO] [1782047485.202023730] [spawn_entity]: Loading entity published on topic robot_description
[spawn_entity.py-8] [INFO] [1782047485.205573189] [spawn_entity]: Waiting for entity xml on robot_description
[spawn_entity.py-6] [INFO] [1782047485.212540441] [spawn_entity]: Spawn Entity started
[spawn_entity.py-6] [INFO] [1782047485.213067786] [spawn_entity]: Loading entity XML from file /ros2_ws/install/scara_robot_pkg/share/scara_robot_pkg/urdf/pedestal.urdf
[spawn_entity.py-6] [INFO] [1782047485.214694564] [spawn_entity]: Waiting for service /spawn_entity, timeout = 30
[spawn_entity.py-6] [INFO] [1782047485.215285968] [spawn_entity]: Waiting for service /spawn_entity
[spawn_entity.py-8] [INFO] [1782047485.217824640] [spawn_entity]: Waiting for service /spawn_entity, timeout = 30
[spawn_entity.py-8] [INFO] [1782047485.218508667] [spawn_entity]: Waiting for service /spawn_entity
[spawn_entity.py-7] [INFO] [1782047485.217985720] [spawn_entity]: Spawn Entity started
[spawn_entity.py-7] [INFO] [1782047485.218669307] [spawn_entity]: Loading entity XML from file /ros2_ws/install/scara_robot_pkg/share/scara_robot_pkg/urdf/pedestal.urdf
[spawn_entity.py-7] [INFO] [1782047485.221072375] [spawn_entity]: Waiting for service /spawn_entity, timeout = 30
[spawn_entity.py-7] [INFO] [1782047485.221758657] [spawn_entity]: Waiting for service /spawn_entity
[spawn_entity.py-6] [INFO] [1782047485.222233524] [spawn_entity]: Calling service /spawn_entity
[spawn_entity.py-8] [INFO] [1782047485.226328732] [spawn_entity]: Calling service /spawn_entity
[spawn_entity.py-7] [INFO] [1782047485.231795752] [spawn_entity]: Calling service /spawn_entity
[move_group-9] [ERROR] [1782047485.255566818] [moveit_robot_model.robot_model]: Joint 'Joint_1' not found in model 'bobby_v3'
[move_group-9] [ERROR] [1782047485.256058406] [moveit_robot_model.robot_model]: Joint 'Joint_2' not found in model 'bobby_v3'
[move_group-9] [ERROR] [1782047485.256072512] [moveit_robot_model.robot_model]: Joint 'Joint_3' not found in model 'bobby_v3'
[move_group-9] [ERROR] [1782047485.256077081] [moveit_robot_model.robot_model]: Joint 'Joint_4' not found in model 'bobby_v3'
[move_group-9] [ERROR] [1782047485.265223463] [moveit_robot_model.robot_model]: Joint 'Joint_1' not found in model 'bobby_v3'
[move_group-9] [ERROR] [1782047485.265266603] [moveit_robot_model.robot_model]: Joint 'Joint_2' not found in model 'bobby_v3'
[move_group-9] [ERROR] [1782047485.265270761] [moveit_robot_model.robot_model]: Joint 'Joint_3' not found in model 'bobby_v3'
[move_group-9] [ERROR] [1782047485.265273616] [moveit_robot_model.robot_model]: Joint 'Joint_4' not found in model 'bobby_v3'
[move_group-9] [ERROR] [1782047485.274960788] [moveit_robot_model.robot_model]: Joint 'Joint_1' not found in model 'bobby_v3'
[move_group-9] [ERROR] [1782047485.275024097] [moveit_robot_model.robot_model]: Joint 'Joint_2' not found in model 'bobby_v3'
[move_group-9] [ERROR] [1782047485.275029046] [moveit_robot_model.robot_model]: Joint 'Joint_3' not found in model 'bobby_v3'
[move_group-9] [ERROR] [1782047485.275032462] [moveit_robot_model.robot_model]: Joint 'Joint_4' not found in model 'bobby_v3'
[move_group-9] [ERROR] [1782047485.284804543] [moveit_robot_model.robot_model]: Joint 'Joint_1' not found in model 'bobby_v3'
[move_group-9] [ERROR] [1782047485.284864204] [moveit_robot_model.robot_model]: Joint 'Joint_2' not found in model 'bobby_v3'
[move_group-9] [ERROR] [1782047485.284868903] [moveit_robot_model.robot_model]: Joint 'Joint_3' not found in model 'bobby_v3'
[move_group-9] [ERROR] [1782047485.284872039] [moveit_robot_model.robot_model]: Joint 'Joint_4' not found in model 'bobby_v3'
[move_group-9] [ERROR] [1782047485.294711535] [moveit_robot_model.robot_model]: Joint 'Joint_1' not found in model 'bobby_v3'
[move_group-9] [ERROR] [1782047485.294772860] [moveit_robot_model.robot_model]: Joint 'Joint_2' not found in model 'bobby_v3'
[move_group-9] [ERROR] [1782047485.294777398] [moveit_robot_model.robot_model]: Joint 'Joint_3' not found in model 'bobby_v3'
[move_group-9] [ERROR] [1782047485.294780354] [moveit_robot_model.robot_model]: Joint 'Joint_4' not found in model 'bobby_v3'
[move_group-9] [ERROR] [1782047485.304596397] [moveit_robot_model.robot_model]: Joint 'Joint_1' not found in model 'bobby_v3'
[move_group-9] [ERROR] [1782047485.304654505] [moveit_robot_model.robot_model]: Joint 'Joint_2' not found in model 'bobby_v3'
[move_group-9] [ERROR] [1782047485.304672218] [moveit_robot_model.robot_model]: Joint 'Joint_3' not found in model 'bobby_v3'
[move_group-9] [ERROR] [1782047485.304675484] [moveit_robot_model.robot_model]: Joint 'Joint_4' not found in model 'bobby_v3'
[move_group-9] [ERROR] [1782047485.314503359] [moveit_robot_model.robot_model]: Joint 'Joint_1' not found in model 'bobby_v3'
[move_group-9] [ERROR] [1782047485.314562359] [moveit_robot_model.robot_model]: Joint 'Joint_2' not found in model 'bobby_v3'
[move_group-9] [ERROR] [1782047485.314566968] [moveit_robot_model.robot_model]: Joint 'Joint_3' not found in model 'bobby_v3'
[move_group-9] [ERROR] [1782047485.314570254] [moveit_robot_model.robot_model]: Joint 'Joint_4' not found in model 'bobby_v3'
[move_group-9] [ERROR] [1782047485.324310315] [moveit_robot_model.robot_model]: Joint 'Joint_1' not found in model 'bobby_v3'
[move_group-9] [ERROR] [1782047485.324350750] [moveit_robot_model.robot_model]: Joint 'Joint_2' not found in model 'bobby_v3'
[move_group-9] [ERROR] [1782047485.324354447] [moveit_robot_model.robot_model]: Joint 'Joint_3' not found in model 'bobby_v3'
[move_group-9] [ERROR] [1782047485.324357373] [moveit_robot_model.robot_model]: Joint 'Joint_4' not found in model 'bobby_v3'
[move_group-9] [ERROR] [1782047485.334276678] [moveit_robot_model.robot_model]: Joint 'Joint_1' not found in model 'bobby_v3'
[move_group-9] [ERROR] [1782047485.334336350] [moveit_robot_model.robot_model]: Joint 'Joint_2' not found in model 'bobby_v3'
[move_group-9] [ERROR] [1782047485.334340518] [moveit_robot_model.robot_model]: Joint 'Joint_3' not found in model 'bobby_v3'
[move_group-9] [ERROR] [1782047485.334343633] [moveit_robot_model.robot_model]: Joint 'Joint_4' not found in model 'bobby_v3'
[move_group-9] [ERROR] [1782047485.344195292] [moveit_robot_model.robot_model]: Joint 'Joint_1' not found in model 'bobby_v3'
[move_group-9] [ERROR] [1782047485.344242661] [moveit_robot_model.robot_model]: Joint 'Joint_2' not found in model 'bobby_v3'
[move_group-9] [ERROR] [1782047485.344247790] [moveit_robot_model.robot_model]: Joint 'Joint_3' not found in model 'bobby_v3'
[move_group-9] [ERROR] [1782047485.344251988] [moveit_robot_model.robot_model]: Joint 'Joint_4' not found in model 'bobby_v3'
[move_group-9] [ERROR] [1782047485.354246955] [moveit_robot_model.robot_model]: Joint 'Joint_1' not found in model 'bobby_v3'
[move_group-9] [ERROR] [1782047485.354297199] [moveit_robot_model.robot_model]: Joint 'Joint_2' not found in model 'bobby_v3'
[move_group-9] [ERROR] [1782047485.354301928] [moveit_robot_model.robot_model]: Joint 'Joint_3' not found in model 'bobby_v3'
[move_group-9] [ERROR] [1782047485.354305334] [moveit_robot_model.robot_model]: Joint 'Joint_4' not found in model 'bobby_v3'
[move_group-9] [ERROR] [1782047485.364105127] [moveit_robot_model.robot_model]: Joint 'Joint_1' not found in model 'bobby_v3'
[move_group-9] [ERROR] [1782047485.364152225] [moveit_robot_model.robot_model]: Joint 'Joint_2' not found in model 'bobby_v3'
[move_group-9] [ERROR] [1782047485.364156533] [moveit_robot_model.robot_model]: Joint 'Joint_3' not found in model 'bobby_v3'
[move_group-9] [ERROR] [1782047485.364159739] [moveit_robot_model.robot_model]: Joint 'Joint_4' not found in model 'bobby_v3'
[move_group-9] [ERROR] [1782047485.374009805] [moveit_robot_model.robot_model]: Joint 'Joint_1' not found in model 'bobby_v3'
[move_group-9] [ERROR] [1782047485.374051793] [moveit_robot_model.robot_model]: Joint 'Joint_2' not found in model 'bobby_v3'
[move_group-9] [ERROR] [1782047485.374055751] [moveit_robot_model.robot_model]: Joint 'Joint_3' not found in model 'bobby_v3'
[move_group-9] [ERROR] [1782047485.374058586] [moveit_robot_model.robot_model]: Joint 'Joint_4' not found in model 'bobby_v3'
[move_group-9] [ERROR] [1782047485.383973824] [moveit_robot_model.robot_model]: Joint 'Joint_1' not found in model 'bobby_v3'
[move_group-9] [ERROR] [1782047485.384019770] [moveit_robot_model.robot_model]: Joint 'Joint_2' not found in model 'bobby_v3'
[move_group-9] [ERROR] [1782047485.384023777] [moveit_robot_model.robot_model]: Joint 'Joint_3' not found in model 'bobby_v3'
[move_group-9] [ERROR] [1782047485.384026703] [moveit_robot_model.robot_model]: Joint 'Joint_4' not found in model 'bobby_v3'
[move_group-9] [ERROR] [1782047485.393779567] [moveit_robot_model.robot_model]: Joint 'Joint_1' not found in model 'bobby_v3'
[move_group-9] [ERROR] [1782047485.393826846] [moveit_robot_model.robot_model]: Joint 'Joint_2' not found in model 'bobby_v3'
[move_group-9] [ERROR] [1782047485.393830823] [moveit_robot_model.robot_model]: Joint 'Joint_3' not found in model 'bobby_v3'
[move_group-9] [ERROR] [1782047485.393847023] [moveit_robot_model.robot_model]: Joint 'Joint_4' not found in model 'bobby_v3'
[move_group-9] [ERROR] [1782047485.403837001] [moveit_robot_model.robot_model]: Joint 'Joint_1' not found in model 'bobby_v3'
[move_group-9] [ERROR] [1782047485.403892344] [moveit_robot_model.robot_model]: Joint 'Joint_2' not found in model 'bobby_v3'
[move_group-9] [ERROR] [1782047485.403895981] [moveit_robot_model.robot_model]: Joint 'Joint_3' not found in model 'bobby_v3'
[move_group-9] [ERROR] [1782047485.403898726] [moveit_robot_model.robot_model]: Joint 'Joint_4' not found in model 'bobby_v3'
[move_group-9] [ERROR] [1782047485.413680625] [moveit_robot_model.robot_model]: Joint 'Joint_1' not found in model 'bobby_v3'
[move_group-9] [ERROR] [1782047485.413742581] [moveit_robot_model.robot_model]: Joint 'Joint_2' not found in model 'bobby_v3'
[move_group-9] [ERROR] [1782047485.413746809] [moveit_robot_model.robot_model]: Joint 'Joint_3' not found in model 'bobby_v3'
[move_group-9] [ERROR] [1782047485.413749614] [moveit_robot_model.robot_model]: Joint 'Joint_4' not found in model 'bobby_v3'
[move_group-9] [ERROR] [1782047485.423757154] [moveit_robot_model.robot_model]: Joint 'Joint_1' not found in model 'bobby_v3'
[move_group-9] [ERROR] [1782047485.423807919] [moveit_robot_model.robot_model]: Joint 'Joint_2' not found in model 'bobby_v3'
[move_group-9] [ERROR] [1782047485.423813339] [moveit_robot_model.robot_model]: Joint 'Joint_3' not found in model 'bobby_v3'
[move_group-9] [ERROR] [1782047485.423817286] [moveit_robot_model.robot_model]: Joint 'Joint_4' not found in model 'bobby_v3'
[move_group-9] [ERROR] [1782047485.433649960] [moveit_robot_model.robot_model]: Joint 'Joint_1' not found in model 'bobby_v3'
[move_group-9] [ERROR] [1782047485.433705424] [moveit_robot_model.robot_model]: Joint 'Joint_2' not found in model 'bobby_v3'
[move_group-9] [ERROR] [1782047485.433721233] [moveit_robot_model.robot_model]: Joint 'Joint_3' not found in model 'bobby_v3'
[move_group-9] [ERROR] [1782047485.433724139] [moveit_robot_model.robot_model]: Joint 'Joint_4' not found in model 'bobby_v3'
[move_group-9] [ERROR] [1782047485.443475220] [moveit_robot_model.robot_model]: Joint 'Joint_1' not found in model 'bobby_v3'
[move_group-9] [ERROR] [1782047485.443508272] [moveit_robot_model.robot_model]: Joint 'Joint_2' not found in model 'bobby_v3'
[move_group-9] [ERROR] [1782047485.443512399] [moveit_robot_model.robot_model]: Joint 'Joint_3' not found in model 'bobby_v3'
[move_group-9] [ERROR] [1782047485.443515074] [moveit_robot_model.robot_model]: Joint 'Joint_4' not found in model 'bobby_v3'
[move_group-9] [ERROR] [1782047485.453406969] [moveit_robot_model.robot_model]: Joint 'Joint_1' not found in model 'bobby_v3'
[move_group-9] [ERROR] [1782047485.453435071] [moveit_robot_model.robot_model]: Joint 'Joint_2' not found in model 'bobby_v3'
[move_group-9] [ERROR] [1782047485.453438978] [moveit_robot_model.robot_model]: Joint 'Joint_3' not found in model 'bobby_v3'
[move_group-9] [ERROR] [1782047485.453441804] [moveit_robot_model.robot_model]: Joint 'Joint_4' not found in model 'bobby_v3'
[move_group-9] [ERROR] [1782047485.463493847] [moveit_robot_model.robot_model]: Joint 'Joint_1' not found in model 'bobby_v3'
[move_group-9] [ERROR] [1782047485.463539202] [moveit_robot_model.robot_model]: Joint 'Joint_2' not found in model 'bobby_v3'
[move_group-9] [ERROR] [1782047485.463544382] [moveit_robot_model.robot_model]: Joint 'Joint_3' not found in model 'bobby_v3'
[move_group-9] [ERROR] [1782047485.463548019] [moveit_robot_model.robot_model]: Joint 'Joint_4' not found in model 'bobby_v3'
[move_group-9] [ERROR] [1782047485.473468436] [moveit_robot_model.robot_model]: Joint 'Joint_1' not found in model 'bobby_v3'
[move_group-9] [ERROR] [1782047485.473523469] [moveit_robot_model.robot_model]: Joint 'Joint_2' not found in model 'bobby_v3'
[move_group-9] [ERROR] [1782047485.473527146] [moveit_robot_model.robot_model]: Joint 'Joint_3' not found in model 'bobby_v3'
[move_group-9] [ERROR] [1782047485.473529731] [moveit_robot_model.robot_model]: Joint 'Joint_4' not found in model 'bobby_v3'
[move_group-9] [ERROR] [1782047485.483425242] [moveit_robot_model.robot_model]: Joint 'Joint_1' not found in model 'bobby_v3'
[move_group-9] [ERROR] [1782047485.483491245] [moveit_robot_model.robot_model]: Joint 'Joint_2' not found in model 'bobby_v3'
[move_group-9] [ERROR] [1782047485.483495343] [moveit_robot_model.robot_model]: Joint 'Joint_3' not found in model 'bobby_v3'
[move_group-9] [ERROR] [1782047485.483498218] [moveit_robot_model.robot_model]: Joint 'Joint_4' not found in model 'bobby_v3'
[move_group-9] [ERROR] [1782047485.493253417] [moveit_robot_model.robot_model]: Joint 'Joint_1' not found in model 'bobby_v3'
[move_group-9] [ERROR] [1782047485.493264618] [moveit_robot_model.robot_model]: Joint 'Joint_2' not found in model 'bobby_v3'
[move_group-9] [ERROR] [1782047485.493267123] [moveit_robot_model.robot_model]: Joint 'Joint_3' not found in model 'bobby_v3'
[move_group-9] [ERROR] [1782047485.493269567] [moveit_robot_model.robot_model]: Joint 'Joint_4' not found in model 'bobby_v3'
[move_group-9] [ERROR] [1782047485.503429051] [moveit_robot_model.robot_model]: Joint 'Joint_1' not found in model 'bobby_v3'
[move_group-9] [ERROR] [1782047485.503472082] [moveit_robot_model.robot_model]: Joint 'Joint_2' not found in model 'bobby_v3'
[move_group-9] [ERROR] [1782047485.503478013] [moveit_robot_model.robot_model]: Joint 'Joint_3' not found in model 'bobby_v3'
[move_group-9] [ERROR] [1782047485.503482701] [moveit_robot_model.robot_model]: Joint 'Joint_4' not found in model 'bobby_v3'
[move_group-9] [ERROR] [1782047485.513356372] [moveit_robot_model.robot_model]: Joint 'Joint_1' not found in model 'bobby_v3'
[move_group-9] [ERROR] [1782047485.513393521] [moveit_robot_model.robot_model]: Joint 'Joint_2' not found in model 'bobby_v3'
[move_group-9] [ERROR] [1782047485.513396427] [moveit_robot_model.robot_model]: Joint 'Joint_3' not found in model 'bobby_v3'
[move_group-9] [ERROR] [1782047485.513398931] [moveit_robot_model.robot_model]: Joint 'Joint_4' not found in model 'bobby_v3'
[move_group-9] [ERROR] [1782047485.523305503] [moveit_robot_model.robot_model]: Joint 'Joint_1' not found in model 'bobby_v3'
[move_group-9] [ERROR] [1782047485.523323667] [moveit_robot_model.robot_model]: Joint 'Joint_2' not found in model 'bobby_v3'
[move_group-9] [ERROR] [1782047485.523326332] [moveit_robot_model.robot_model]: Joint 'Joint_3' not found in model 'bobby_v3'
[move_group-9] [ERROR] [1782047485.523328847] [moveit_robot_model.robot_model]: Joint 'Joint_4' not found in model 'bobby_v3'
[move_group-9] [ERROR] [1782047485.533483361] [moveit_robot_model.robot_model]: Joint 'Joint_1' not found in model 'bobby_v3'
[move_group-9] [ERROR] [1782047485.533566176] [moveit_robot_model.robot_model]: Joint 'Joint_2' not found in model 'bobby_v3'
[move_group-9] [ERROR] [1782047485.533570274] [moveit_robot_model.robot_model]: Joint 'Joint_3' not found in model 'bobby_v3'
[move_group-9] [ERROR] [1782047485.533573249] [moveit_robot_model.robot_model]: Joint 'Joint_4' not found in model 'bobby_v3'
[move_group-9] [ERROR] [1782047485.543275109] [moveit_robot_model.robot_model]: Joint 'Joint_1' not found in model 'bobby_v3'
[move_group-9] [ERROR] [1782047485.543316446] [moveit_robot_model.robot_model]: Joint 'Joint_2' not found in model 'bobby_v3'
[move_group-9] [ERROR] [1782047485.543319732] [moveit_robot_model.robot_model]: Joint 'Joint_3' not found in model 'bobby_v3'
[move_group-9] [ERROR] [1782047485.543322778] [moveit_robot_model.robot_model]: Joint 'Joint_4' not found in model 'bobby_v3'
[move_group-9] [ERROR] [1782047485.553327583] [moveit_robot_model.robot_model]: Joint 'Joint_1' not found in model 'bobby_v3'
[move_group-9] [ERROR] [1782047485.553370222] [moveit_robot_model.robot_model]: Joint 'Joint_2' not found in model 'bobby_v3'
[move_group-9] [ERROR] [1782047485.553373599] [moveit_robot_model.robot_model]: Joint 'Joint_3' not found in model 'bobby_v3'
[move_group-9] [ERROR] [1782047485.553376324] [moveit_robot_model.robot_model]: Joint 'Joint_4' not found in model 'bobby_v3'
[move_group-9] [ERROR] [1782047485.563282275] [moveit_robot_model.robot_model]: Joint 'Joint_1' not found in model 'bobby_v3'
[move_group-9] [ERROR] [1782047485.563292283] [moveit_robot_model.robot_model]: Joint 'Joint_2' not found in model 'bobby_v3'
[move_group-9] [ERROR] [1782047485.563295038] [moveit_robot_model.robot_model]: Joint 'Joint_3' not found in model 'bobby_v3'
[move_group-9] [ERROR] [1782047485.563297673] [moveit_robot_model.robot_model]: Joint 'Joint_4' not found in model 'bobby_v3'
[move_group-9] [ERROR] [1782047485.573492293] [moveit_robot_model.robot_model]: Joint 'Joint_1' not found in model 'bobby_v3'
[move_group-9] [ERROR] [1782047485.573543238] [moveit_robot_model.robot_model]: Joint 'Joint_2' not found in model 'bobby_v3'
[move_group-9] [ERROR] [1782047485.573547877] [moveit_robot_model.robot_model]: Joint 'Joint_3' not found in model 'bobby_v3'
[move_group-9] [ERROR] [1782047485.573551804] [moveit_robot_model.robot_model]: Joint 'Joint_4' not found in model 'bobby_v3'
[move_group-9] [ERROR] [1782047485.583538085] [moveit_robot_model.robot_model]: Joint 'Joint_1' not found in model 'bobby_v3'
[move_group-9] [ERROR] [1782047485.583586375] [moveit_robot_model.robot_model]: Joint 'Joint_2' not found in model 'bobby_v3'
[move_group-9] [ERROR] [1782047485.583590653] [moveit_robot_model.robot_model]: Joint 'Joint_3' not found in model 'bobby_v3'
[move_group-9] [ERROR] [1782047485.583593458] [moveit_robot_model.robot_model]: Joint 'Joint_4' not found in model 'bobby_v3'
[move_group-9] [ERROR] [1782047485.593505170] [moveit_robot_model.robot_model]: Joint 'Joint_1' not found in model 'bobby_v3'
[move_group-9] [ERROR] [1782047485.593547529] [moveit_robot_model.robot_model]: Joint 'Joint_2' not found in model 'bobby_v3'
[move_group-9] [ERROR] [1782047485.593551005] [moveit_robot_model.robot_model]: Joint 'Joint_3' not found in model 'bobby_v3'
[move_group-9] [ERROR] [1782047485.593553770] [moveit_robot_model.robot_model]: Joint 'Joint_4' not found in model 'bobby_v3'
[move_group-9] [ERROR] [1782047485.603509384] [moveit_robot_model.robot_model]: Joint 'Joint_1' not found in model 'bobby_v3'
[move_group-9] [ERROR] [1782047485.603556011] [moveit_robot_model.robot_model]: Joint 'Joint_2' not found in model 'bobby_v3'
[move_group-9] [ERROR] [1782047485.603560108] [moveit_robot_model.robot_model]: Joint 'Joint_3' not found in model 'bobby_v3'
[move_group-9] [ERROR] [1782047485.603563224] [moveit_robot_model.robot_model]: Joint 'Joint_4' not found in model 'bobby_v3'
[move_group-9] [ERROR] [1782047485.613480205] [moveit_robot_model.robot_model]: Joint 'Joint_1' not found in model 'bobby_v3'
[move_group-9] [ERROR] [1782047485.613524869] [moveit_robot_model.robot_model]: Joint 'Joint_2' not found in model 'bobby_v3'
[move_group-9] [ERROR] [1782047485.613528746] [moveit_robot_model.robot_model]: Joint 'Joint_3' not found in model 'bobby_v3'
[move_group-9] [ERROR] [1782047485.613531471] [moveit_robot_model.robot_model]: Joint 'Joint_4' not found in model 'bobby_v3'
[move_group-9] [ERROR] [1782047485.623473349] [moveit_robot_model.robot_model]: Joint 'Joint_1' not found in model 'bobby_v3'
[move_group-9] [ERROR] [1782047485.623513193] [moveit_robot_model.robot_model]: Joint 'Joint_2' not found in model 'bobby_v3'
[move_group-9] [ERROR] [1782047485.623516860] [moveit_robot_model.robot_model]: Joint 'Joint_3' not found in model 'bobby_v3'
[move_group-9] [ERROR] [1782047485.623519535] [moveit_robot_model.robot_model]: Joint 'Joint_4' not found in model 'bobby_v3'
[move_group-9] [ERROR] [1782047485.633480979] [moveit_robot_model.robot_model]: Joint 'Joint_1' not found in model 'bobby_v3'
[move_group-9] [ERROR] [1782047485.633521405] [moveit_robot_model.robot_model]: Joint 'Joint_2' not found in model 'bobby_v3'
[move_group-9] [ERROR] [1782047485.633525052] [moveit_robot_model.robot_model]: Joint 'Joint_3' not found in model 'bobby_v3'
[move_group-9] [ERROR] [1782047485.633527676] [moveit_robot_model.robot_model]: Joint 'Joint_4' not found in model 'bobby_v3'
[move_group-9] [ERROR] [1782047485.643424410] [moveit_robot_model.robot_model]: Joint 'Joint_1' not found in model 'bobby_v3'
[move_group-9] [ERROR] [1782047485.643463934] [moveit_robot_model.robot_model]: Joint 'Joint_2' not found in model 'bobby_v3'
[move_group-9] [ERROR] [1782047485.643467691] [moveit_robot_model.robot_model]: Joint 'Joint_3' not found in model 'bobby_v3'
[move_group-9] [ERROR] [1782047485.643470296] [moveit_robot_model.robot_model]: Joint 'Joint_4' not found in model 'bobby_v3'
[move_group-9] [ERROR] [1782047485.653415509] [moveit_robot_model.robot_model]: Joint 'Joint_1' not found in model 'bobby_v3'
[move_group-9] [ERROR] [1782047485.653449803] [moveit_robot_model.robot_model]: Joint 'Joint_2' not found in model 'bobby_v3'
[move_group-9] [ERROR] [1782047485.653453911] [moveit_robot_model.robot_model]: Joint 'Joint_3' not found in model 'bobby_v3'
[move_group-9] [ERROR] [1782047485.653457398] [moveit_robot_model.robot_model]: Joint 'Joint_4' not found in model 'bobby_v3'
[move_group-9] [ERROR] [1782047485.663467723] [moveit_robot_model.robot_model]: Joint 'Joint_1' not found in model 'bobby_v3'
[move_group-9] [ERROR] [1782047485.663525291] [moveit_robot_model.robot_model]: Joint 'Joint_2' not found in model 'bobby_v3'
[move_group-9] [ERROR] [1782047485.663532745] [moveit_robot_model.robot_model]: Joint 'Joint_3' not found in model 'bobby_v3'
[move_group-9] [ERROR] [1782047485.663537904] [moveit_robot_model.robot_model]: Joint 'Joint_4' not found in model 'bobby_v3'
[move_group-9] [ERROR] [1782047485.673478259] [moveit_robot_model.robot_model]: Joint 'Joint_1' not found in model 'bobby_v3'
[move_group-9] [ERROR] [1782047485.673526760] [moveit_robot_model.robot_model]: Joint 'Joint_2' not found in model 'bobby_v3'
[move_group-9] [ERROR] [1782047485.673530266] [moveit_robot_model.robot_model]: Joint 'Joint_3' not found in model 'bobby_v3'
[move_group-9] [ERROR] [1782047485.673532821] [moveit_robot_model.robot_model]: Joint 'Joint_4' not found in model 'bobby_v3'
[move_group-9] [ERROR] [1782047485.683430967] [moveit_robot_model.robot_model]: Joint 'Joint_1' not found in model 'bobby_v3'
[move_group-9] [ERROR] [1782047485.683464389] [moveit_robot_model.robot_model]: Joint 'Joint_2' not found in model 'bobby_v3'
[move_group-9] [ERROR] [1782047485.683468036] [moveit_robot_model.robot_model]: Joint 'Joint_3' not found in model 'bobby_v3'
[move_group-9] [ERROR] [1782047485.683470631] [moveit_robot_model.robot_model]: Joint 'Joint_4' not found in model 'bobby_v3'
[move_group-9] [ERROR] [1782047485.693383956] [moveit_robot_model.robot_model]: Joint 'Joint_1' not found in model 'bobby_v3'
[move_group-9] [ERROR] [1782047485.693419292] [moveit_robot_model.robot_model]: Joint 'Joint_2' not found in model 'bobby_v3'
[move_group-9] [ERROR] [1782047485.693423149] [moveit_robot_model.robot_model]: Joint 'Joint_3' not found in model 'bobby_v3'
[move_group-9] [ERROR] [1782047485.693425894] [moveit_robot_model.robot_model]: Joint 'Joint_4' not found in model 'bobby_v3'
[move_group-9] [ERROR] [1782047485.703389582] [moveit_robot_model.robot_model]: Joint 'Joint_1' not found in model 'bobby_v3'
[move_group-9] [ERROR] [1782047485.703400312] [moveit_robot_model.robot_model]: Joint 'Joint_2' not found in model 'bobby_v3'
[move_group-9] [ERROR] [1782047485.703403107] [moveit_robot_model.robot_model]: Joint 'Joint_3' not found in model 'bobby_v3'
[move_group-9] [ERROR] [1782047485.703405702] [moveit_robot_model.robot_model]: Joint 'Joint_4' not found in model 'bobby_v3'
[move_group-9] [ERROR] [1782047485.713530391] [moveit_robot_model.robot_model]: Joint 'Joint_1' not found in model 'bobby_v3'
[move_group-9] [ERROR] [1782047485.713582649] [moveit_robot_model.robot_model]: Joint 'Joint_2' not found in model 'bobby_v3'
[move_group-9] [ERROR] [1782047485.713588330] [moveit_robot_model.robot_model]: Joint 'Joint_3' not found in model 'bobby_v3'
[move_group-9] [ERROR] [1782047485.713592347] [moveit_robot_model.robot_model]: Joint 'Joint_4' not found in model 'bobby_v3'
[move_group-9] [ERROR] [1782047485.723516772] [moveit_robot_model.robot_model]: Joint 'Joint_1' not found in model 'bobby_v3'
[move_group-9] [ERROR] [1782047485.723565573] [moveit_robot_model.robot_model]: Joint 'Joint_2' not found in model 'bobby_v3'
[move_group-9] [ERROR] [1782047485.723570883] [moveit_robot_model.robot_model]: Joint 'Joint_3' not found in model 'bobby_v3'
[move_group-9] [ERROR] [1782047485.723574690] [moveit_robot_model.robot_model]: Joint 'Joint_4' not found in model 'bobby_v3'
[move_group-9] [ERROR] [1782047485.733640900] [moveit_robot_model.robot_model]: Joint 'Joint_1' not found in model 'bobby_v3'
[move_group-9] [ERROR] [1782047485.733699540] [moveit_robot_model.robot_model]: Joint 'Joint_2' not found in model 'bobby_v3'
[move_group-9] [ERROR] [1782047485.733705301] [moveit_robot_model.robot_model]: Joint 'Joint_3' not found in model 'bobby_v3'
[move_group-9] [ERROR] [1782047485.733711723] [moveit_robot_model.robot_model]: Joint 'Joint_4' not found in model 'bobby_v3'
[move_group-9] [ERROR] [1782047485.743495946] [moveit_robot_model.robot_model]: Joint 'Joint_1' not found in model 'bobby_v3'
[move_group-9] [ERROR] [1782047485.743547913] [moveit_robot_model.robot_model]: Joint 'Joint_2' not found in model 'bobby_v3'
[move_group-9] [ERROR] [1782047485.743552031] [moveit_robot_model.robot_model]: Joint 'Joint_3' not found in model 'bobby_v3'
[move_group-9] [ERROR] [1782047485.743554926] [moveit_robot_model.robot_model]: Joint 'Joint_4' not found in model 'bobby_v3'
[move_group-9] [ERROR] [1782047485.753511481] [moveit_robot_model.robot_model]: Joint 'Joint_1' not found in model 'bobby_v3'
[move_group-9] [ERROR] [1782047485.753564911] [moveit_robot_model.robot_model]: Joint 'Joint_2' not found in model 'bobby_v3'
[move_group-9] [ERROR] [1782047485.753569039] [moveit_robot_model.robot_model]: Joint 'Joint_3' not found in model 'bobby_v3'
[move_group-9] [ERROR] [1782047485.753571804] [moveit_robot_model.robot_model]: Joint 'Joint_4' not found in model 'bobby_v3'
[move_group-9] [ERROR] [1782047485.763410328] [moveit_robot_model.robot_model]: Joint 'Joint_1' not found in model 'bobby_v3'
[move_group-9] [ERROR] [1782047485.763420718] [moveit_robot_model.robot_model]: Joint 'Joint_2' not found in model 'bobby_v3'
[move_group-9] [ERROR] [1782047485.763437519] [moveit_robot_model.robot_model]: Joint 'Joint_3' not found in model 'bobby_v3'
[move_group-9] [ERROR] [1782047485.763440044] [moveit_robot_model.robot_model]: Joint 'Joint_4' not found in model 'bobby_v3'
[move_group-9] [ERROR] [1782047485.773390387] [moveit_robot_model.robot_model]: Joint 'Joint_1' not found in model 'bobby_v3'
[move_group-9] [ERROR] [1782047485.773409673] [moveit_robot_model.robot_model]: Joint 'Joint_2' not found in model 'bobby_v3'
[move_group-9] [ERROR] [1782047485.773412779] [moveit_robot_model.robot_model]: Joint 'Joint_3' not found in model 'bobby_v3'
[move_group-9] [ERROR] [1782047485.773415244] [moveit_robot_model.robot_model]: Joint 'Joint_4' not found in model 'bobby_v3'
[move_group-9] [ERROR] [1782047485.783397577] [moveit_robot_model.robot_model]: Joint 'Joint_1' not found in model 'bobby_v3'
[move_group-9] [ERROR] [1782047485.783408868] [moveit_robot_model.robot_model]: Joint 'Joint_2' not found in model 'bobby_v3'
[move_group-9] [ERROR] [1782047485.783414028] [moveit_robot_model.robot_model]: Joint 'Joint_3' not found in model 'bobby_v3'
[move_group-9] [ERROR] [1782047485.783418927] [moveit_robot_model.robot_model]: Joint 'Joint_4' not found in model 'bobby_v3'
[move_group-9] [ERROR] [1782047485.793466943] [moveit_robot_model.robot_model]: Joint 'Joint_1' not found in model 'bobby_v3'
[move_group-9] [ERROR] [1782047485.793488443] [moveit_robot_model.robot_model]: Joint 'Joint_2' not found in model 'bobby_v3'
[move_group-9] [ERROR] [1782047485.793494034] [moveit_robot_model.robot_model]: Joint 'Joint_3' not found in model 'bobby_v3'
[move_group-9] [ERROR] [1782047485.793499153] [moveit_robot_model.robot_model]: Joint 'Joint_4' not found in model 'bobby_v3'
[move_group-9] [ERROR] [1782047485.803398391] [moveit_robot_model.robot_model]: Joint 'Joint_1' not found in model 'bobby_v3'
[move_group-9] [ERROR] [1782047485.803445048] [moveit_robot_model.robot_model]: Joint 'Joint_2' not found in model 'bobby_v3'
[move_group-9] [ERROR] [1782047485.803451861] [moveit_robot_model.robot_model]: Joint 'Joint_3' not found in model 'bobby_v3'
[move_group-9] [ERROR] [1782047485.803457021] [moveit_robot_model.robot_model]: Joint 'Joint_4' not found in model 'bobby_v3'
[move_group-9] [ERROR] [1782047485.813362480] [moveit_robot_model.robot_model]: Joint 'Joint_1' not found in model 'bobby_v3'
[move_group-9] [ERROR] [1782047485.813416982] [moveit_robot_model.robot_model]: Joint 'Joint_2' not found in model 'bobby_v3'
[move_group-9] [ERROR] [1782047485.813420719] [moveit_robot_model.robot_model]: Joint 'Joint_3' not found in model 'bobby_v3'
[move_group-9] [ERROR] [1782047485.813423494] [moveit_robot_model.robot_model]: Joint 'Joint_4' not found in model 'bobby_v3'
[move_group-9] [ERROR] [1782047485.823329615] [moveit_robot_model.robot_model]: Joint 'Joint_1' not found in model 'bobby_v3'
[move_group-9] [ERROR] [1782047485.823349602] [moveit_robot_model.robot_model]: Joint 'Joint_2' not found in model 'bobby_v3'
[move_group-9] [ERROR] [1782047485.823402201] [moveit_robot_model.robot_model]: Joint 'Joint_3' not found in model 'bobby_v3'
[move_group-9] [ERROR] [1782047485.823410677] [moveit_robot_model.robot_model]: Joint 'Joint_4' not found in model 'bobby_v3'
[move_group-9] [ERROR] [1782047485.833391848] [moveit_robot_model.robot_model]: Joint 'Joint_1' not found in model 'bobby_v3'
[move_group-9] [ERROR] [1782047485.833424959] [moveit_robot_model.robot_model]: Joint 'Joint_2' not found in model 'bobby_v3'
[move_group-9] [ERROR] [1782047485.833427725] [moveit_robot_model.robot_model]: Joint 'Joint_3' not found in model 'bobby_v3'
[move_group-9] [ERROR] [1782047485.833429548] [moveit_robot_model.robot_model]: Joint 'Joint_4' not found in model 'bobby_v3'
[move_group-9] [ERROR] [1782047485.843366727] [moveit_robot_model.robot_model]: Joint 'Joint_1' not found in model 'bobby_v3'
[move_group-9] [ERROR] [1782047485.843453599] [moveit_robot_model.robot_model]: Joint 'Joint_2' not found in model 'bobby_v3'
[move_group-9] [ERROR] [1782047485.843466032] [moveit_robot_model.robot_model]: Joint 'Joint_3' not found in model 'bobby_v3'
[move_group-9] [ERROR] [1782047485.843473637] [moveit_robot_model.robot_model]: Joint 'Joint_4' not found in model 'bobby_v3'
[move_group-9] [ERROR] [1782047485.853372764] [moveit_robot_model.robot_model]: Joint 'Joint_1' not found in model 'bobby_v3'
[move_group-9] [ERROR] [1782047485.853439639] [moveit_robot_model.robot_model]: Joint 'Joint_2' not found in model 'bobby_v3'
[move_group-9] [ERROR] [1782047485.853451762] [moveit_robot_model.robot_model]: Joint 'Joint_3' not found in model 'bobby_v3'
[move_group-9] [ERROR] [1782047485.853481417] [moveit_robot_model.robot_model]: Joint 'Joint_4' not found in model 'bobby_v3'
[move_group-9] [ERROR] [1782047485.863382769] [moveit_robot_model.robot_model]: Joint 'Joint_1' not found in model 'bobby_v3'
[move_group-9] [ERROR] [1782047485.863426361] [moveit_robot_model.robot_model]: Joint 'Joint_2' not found in model 'bobby_v3'
[move_group-9] [ERROR] [1782047485.863435217] [moveit_robot_model.robot_model]: Joint 'Joint_3' not found in model 'bobby_v3'
[move_group-9] [ERROR] [1782047485.863442721] [moveit_robot_model.robot_model]: Joint 'Joint_4' not found in model 'bobby_v3'
[move_group-9] [ERROR] [1782047485.873324286] [moveit_robot_model.robot_model]: Joint 'Joint_1' not found in model 'bobby_v3'
[move_group-9] [ERROR] [1782047485.873348592] [moveit_robot_model.robot_model]: Joint 'Joint_2' not found in model 'bobby_v3'
[move_group-9] [ERROR] [1782047485.873357759] [moveit_robot_model.robot_model]: Joint 'Joint_3' not found in model 'bobby_v3'
[move_group-9] [ERROR] [1782047485.873365293] [moveit_robot_model.robot_model]: Joint 'Joint_4' not found in model 'bobby_v3'
[move_group-9] [ERROR] [1782047485.883350471] [moveit_robot_model.robot_model]: Joint 'Joint_1' not found in model 'bobby_v3'
[move_group-9] [ERROR] [1782047485.883423227] [moveit_robot_model.robot_model]: Joint 'Joint_2' not found in model 'bobby_v3'
[move_group-9] [ERROR] [1782047485.883435110] [moveit_robot_model.robot_model]: Joint 'Joint_3' not found in model 'bobby_v3'
[move_group-9] [ERROR] [1782047485.883443696] [moveit_robot_model.robot_model]: Joint 'Joint_4' not found in model 'bobby_v3'
[move_group-9] [ERROR] [1782047485.893289724] [moveit_robot_model.robot_model]: Joint 'Joint_1' not found in model 'bobby_v3'
[move_group-9] [ERROR] [1782047485.893352982] [moveit_robot_model.robot_model]: Joint 'Joint_2' not found in model 'bobby_v3'
[move_group-9] [ERROR] [1782047485.893359334] [moveit_robot_model.robot_model]: Joint 'Joint_3' not found in model 'bobby_v3'
[move_group-9] [ERROR] [1782047485.893363933] [moveit_robot_model.robot_model]: Joint 'Joint_4' not found in model 'bobby_v3'
[move_group-9] [ERROR] [1782047485.903289981] [moveit_robot_model.robot_model]: Joint 'Joint_1' not found in model 'bobby_v3'
[move_group-9] [ERROR] [1782047485.903346557] [moveit_robot_model.robot_model]: Joint 'Joint_2' not found in model 'bobby_v3'
[move_group-9] [ERROR] [1782047485.903352157] [moveit_robot_model.robot_model]: Joint 'Joint_3' not found in model 'bobby_v3'
[move_group-9] [ERROR] [1782047485.903356646] [moveit_robot_model.robot_model]: Joint 'Joint_4' not found in model 'bobby_v3'
[move_group-9] [ERROR] [1782047485.913390815] [moveit_robot_model.robot_model]: Joint 'Joint_1' not found in model 'bobby_v3'
[move_group-9] [ERROR] [1782047485.913459143] [moveit_robot_model.robot_model]: Joint 'Joint_2' not found in model 'bobby_v3'
[move_group-9] [ERROR] [1782047485.913465535] [moveit_robot_model.robot_model]: Joint 'Joint_3' not found in model 'bobby_v3'
[move_group-9] [ERROR] [1782047485.913470114] [moveit_robot_model.robot_model]: Joint 'Joint_4' not found in model 'bobby_v3'
[move_group-9] [ERROR] [1782047485.923332042] [moveit_robot_model.robot_model]: Joint 'Joint_1' not found in model 'bobby_v3'
[move_group-9] [ERROR] [1782047485.923370474] [moveit_robot_model.robot_model]: Joint 'Joint_2' not found in model 'bobby_v3'
[move_group-9] [ERROR] [1782047485.923373329] [moveit_robot_model.robot_model]: Joint 'Joint_3' not found in model 'bobby_v3'
[move_group-9] [ERROR] [1782047485.923375153] [moveit_robot_model.robot_model]: Joint 'Joint_4' not found in model 'bobby_v3'
[move_group-9] [ERROR] [1782047485.933317060] [moveit_robot_model.robot_model]: Joint 'Joint_1' not found in model 'bobby_v3'
[move_group-9] [ERROR] [1782047485.933349671] [moveit_robot_model.robot_model]: Joint 'Joint_2' not found in model 'bobby_v3'
[move_group-9] [ERROR] [1782047485.933352486] [moveit_robot_model.robot_model]: Joint 'Joint_3' not found in model 'bobby_v3'
[move_group-9] [ERROR] [1782047485.933354200] [moveit_robot_model.robot_model]: Joint 'Joint_4' not found in model 'bobby_v3'
[move_group-9] [ERROR] [1782047485.943287832] [moveit_robot_model.robot_model]: Joint 'Joint_1' not found in model 'bobby_v3'
[move_group-9] [ERROR] [1782047485.943320042] [moveit_robot_model.robot_model]: Joint 'Joint_2' not found in model 'bobby_v3'
[move_group-9] [ERROR] [1782047485.943323418] [moveit_robot_model.robot_model]: Joint 'Joint_3' not found in model 'bobby_v3'
[move_group-9] [ERROR] [1782047485.943325743] [moveit_robot_model.robot_model]: Joint 'Joint_4' not found in model 'bobby_v3'
[move_group-9] [ERROR] [1782047485.953409856] [moveit_robot_model.robot_model]: Joint 'Joint_1' not found in model 'bobby_v3'
[move_group-9] [ERROR] [1782047485.953451153] [moveit_robot_model.robot_model]: Joint 'Joint_2' not found in model 'bobby_v3'
[move_group-9] [ERROR] [1782047485.953455211] [moveit_robot_model.robot_model]: Joint 'Joint_3' not found in model 'bobby_v3'
[move_group-9] [ERROR] [1782047485.953457836] [moveit_robot_model.robot_model]: Joint 'Joint_4' not found in model 'bobby_v3'
[move_group-9] [ERROR] [1782047485.963357725] [moveit_robot_model.robot_model]: Joint 'Joint_1' not found in model 'bobby_v3'
[move_group-9] [ERROR] [1782047485.963394013] [moveit_robot_model.robot_model]: Joint 'Joint_2' not found in model 'bobby_v3'
[move_group-9] [ERROR] [1782047485.963396948] [moveit_robot_model.robot_model]: Joint 'Joint_3' not found in model 'bobby_v3'
[move_group-9] [ERROR] [1782047485.963398812] [moveit_robot_model.robot_model]: Joint 'Joint_4' not found in model 'bobby_v3'
[move_group-9] [ERROR] [1782047485.973330180] [moveit_robot_model.robot_model]: Joint 'Joint_1' not found in model 'bobby_v3'
[move_group-9] [ERROR] [1782047485.973361949] [moveit_robot_model.robot_model]: Joint 'Joint_2' not found in model 'bobby_v3'
[move_group-9] [ERROR] [1782047485.973364524] [moveit_robot_model.robot_model]: Joint 'Joint_3' not found in model 'bobby_v3'
[move_group-9] [ERROR] [1782047485.973366387] [moveit_robot_model.robot_model]: Joint 'Joint_4' not found in model 'bobby_v3'
[move_group-9] [ERROR] [1782047485.983326689] [moveit_robot_model.robot_model]: Joint 'Joint_1' not found in model 'bobby_v3'
[move_group-9] [ERROR] [1782047485.983360723] [moveit_robot_model.robot_model]: Joint 'Joint_2' not found in model 'bobby_v3'
[move_group-9] [ERROR] [1782047485.983363358] [moveit_robot_model.robot_model]: Joint 'Joint_3' not found in model 'bobby_v3'
[move_group-9] [ERROR] [1782047485.983365191] [moveit_robot_model.robot_model]: Joint 'Joint_4' not found in model 'bobby_v3'
[move_group-9] [ERROR] [1782047485.993327898] [moveit_robot_model.robot_model]: Joint 'Joint_1' not found in model 'bobby_v3'
[move_group-9] [ERROR] [1782047485.993357954] [moveit_robot_model.robot_model]: Joint 'Joint_2' not found in model 'bobby_v3'
[move_group-9] [ERROR] [1782047485.993360529] [moveit_robot_model.robot_model]: Joint 'Joint_3' not found in model 'bobby_v3'
[move_group-9] [ERROR] [1782047485.993362462] [moveit_robot_model.robot_model]: Joint 'Joint_4' not found in model 'bobby_v3'
[move_group-9] [ERROR] [1782047486.003315361] [moveit_robot_model.robot_model]: Joint 'Joint_1' not found in model 'bobby_v3'
[move_group-9] [ERROR] [1782047486.003345347] [moveit_robot_model.robot_model]: Joint 'Joint_2' not found in model 'bobby_v3'
[move_group-9] [ERROR] [1782047486.003347872] [moveit_robot_model.robot_model]: Joint 'Joint_3' not found in model 'bobby_v3'
[move_group-9] [ERROR] [1782047486.003349735] [moveit_robot_model.robot_model]: Joint 'Joint_4' not found in model 'bobby_v3'
[move_group-9] [ERROR] [1782047486.013383384] [moveit_robot_model.robot_model]: Joint 'Joint_1' not found in model 'bobby_v3'
[move_group-9] [ERROR] [1782047486.013412929] [moveit_robot_model.robot_model]: Joint 'Joint_2' not found in model 'bobby_v3'
[move_group-9] [ERROR] [1782047486.013415574] [moveit_robot_model.robot_model]: Joint 'Joint_3' not found in model 'bobby_v3'
[move_group-9] [ERROR] [1782047486.013417267] [moveit_robot_model.robot_model]: Joint 'Joint_4' not found in model 'bobby_v3'
[move_group-9] [ERROR] [1782047486.023338727] [moveit_robot_model.robot_model]: Joint 'Joint_1' not found in model 'bobby_v3'
[move_group-9] [ERROR] [1782047486.023371679] [moveit_robot_model.robot_model]: Joint 'Joint_2' not found in model 'bobby_v3'
[move_group-9] [ERROR] [1782047486.023375265] [moveit_robot_model.robot_model]: Joint 'Joint_3' not found in model 'bobby_v3'
[move_group-9] [ERROR] [1782047486.023377980] [moveit_robot_model.robot_model]: Joint 'Joint_4' not found in model 'bobby_v3'
[move_group-9] [ERROR] [1782047486.033333513] [moveit_robot_model.robot_model]: Joint 'Joint_1' not found in model 'bobby_v3'
[move_group-9] [ERROR] [1782047486.033357388] [moveit_robot_model.robot_model]: Joint 'Joint_2' not found in model 'bobby_v3'
[move_group-9] [ERROR] [1782047486.033359913] [moveit_robot_model.robot_model]: Joint 'Joint_3' not found in model 'bobby_v3'
[move_group-9] [ERROR] [1782047486.033361706] [moveit_robot_model.robot_model]: Joint 'Joint_4' not found in model 'bobby_v3'
[move_group-9] [ERROR] [1782047486.043312931] [moveit_robot_model.robot_model]: Joint 'Joint_1' not found in model 'bobby_v3'
[move_group-9] [ERROR] [1782047486.043345733] [moveit_robot_model.robot_model]: Joint 'Joint_2' not found in model 'bobby_v3'
[move_group-9] [ERROR] [1782047486.043349199] [moveit_robot_model.robot_model]: Joint 'Joint_3' not found in model 'bobby_v3'
[move_group-9] [ERROR] [1782047486.043351834] [moveit_robot_model.robot_model]: Joint 'Joint_4' not found in model 'bobby_v3'
[move_group-9] [ERROR] [1782047486.053303270] [moveit_robot_model.robot_model]: Joint 'Joint_1' not found in model 'bobby_v3'
[move_group-9] [ERROR] [1782047486.053327214] [moveit_robot_model.robot_model]: Joint 'Joint_2' not found in model 'bobby_v3'
[move_group-9] [ERROR] [1782047486.053329919] [moveit_robot_model.robot_model]: Joint 'Joint_3' not found in model 'bobby_v3'
[move_group-9] [ERROR] [1782047486.053331763] [moveit_robot_model.robot_model]: Joint 'Joint_4' not found in model 'bobby_v3'
[move_group-9] [ERROR] [1782047486.063351396] [moveit_robot_model.robot_model]: Joint 'Joint_1' not found in model 'bobby_v3'
[move_group-9] [ERROR] [1782047486.063381702] [moveit_robot_model.robot_model]: Joint 'Joint_2' not found in model 'bobby_v3'
[move_group-9] [ERROR] [1782047486.063385519] [moveit_robot_model.robot_model]: Joint 'Joint_3' not found in model 'bobby_v3'
[move_group-9] [ERROR] [1782047486.063388184] [moveit_robot_model.robot_model]: Joint 'Joint_4' not found in model 'bobby_v3'
[move_group-9] [ERROR] [1782047486.073473380] [moveit_robot_model.robot_model]: Joint 'Joint_1' not found in model 'bobby_v3'
[move_group-9] [ERROR] [1782047486.073510870] [moveit_robot_model.robot_model]: Joint 'Joint_2' not found in model 'bobby_v3'
[move_group-9] [ERROR] [1782047486.073514006] [moveit_robot_model.robot_model]: Joint 'Joint_3' not found in model 'bobby_v3'
[move_group-9] [ERROR] [1782047486.073516070] [moveit_robot_model.robot_model]: Joint 'Joint_4' not found in model 'bobby_v3'
[move_group-9] [ERROR] [1782047486.083442158] [moveit_robot_model.robot_model]: Joint 'Joint_1' not found in model 'bobby_v3'
[move_group-9] [ERROR] [1782047486.083473456] [moveit_robot_model.robot_model]: Joint 'Joint_2' not found in model 'bobby_v3'
[move_group-9] [ERROR] [1782047486.083476562] [moveit_robot_model.robot_model]: Joint 'Joint_3' not found in model 'bobby_v3'
[move_group-9] [ERROR] [1782047486.083478646] [moveit_robot_model.robot_model]: Joint 'Joint_4' not found in model 'bobby_v3'
[move_group-9] [ERROR] [1782047486.093435692] [moveit_robot_model.robot_model]: Joint 'Joint_1' not found in model 'bobby_v3'
[move_group-9] [ERROR] [1782047486.093464736] [moveit_robot_model.robot_model]: Joint 'Joint_2' not found in model 'bobby_v3'
[move_group-9] [ERROR] [1782047486.093467511] [moveit_robot_model.robot_model]: Joint 'Joint_3' not found in model 'bobby_v3'
[move_group-9] [ERROR] [1782047486.093469525] [moveit_robot_model.robot_model]: Joint 'Joint_4' not found in model 'bobby_v3'
[move_group-9] [ERROR] [1782047486.103451538] [moveit_robot_model.robot_model]: Joint 'Joint_1' not found in model 'bobby_v3'
[move_group-9] [ERROR] [1782047486.103481784] [moveit_robot_model.robot_model]: Joint 'Joint_2' not found in model 'bobby_v3'
[move_group-9] [ERROR] [1782047486.103484740] [moveit_robot_model.robot_model]: Joint 'Joint_3' not found in model 'bobby_v3'
[move_group-9] [ERROR] [1782047486.103486744] [moveit_robot_model.robot_model]: Joint 'Joint_4' not found in model 'bobby_v3'
[move_group-9] [ERROR] [1782047486.113535341] [moveit_robot_model.robot_model]: Joint 'Joint_1' not found in model 'bobby_v3'
[move_group-9] [ERROR] [1782047486.113576488] [moveit_robot_model.robot_model]: Joint 'Joint_2' not found in model 'bobby_v3'
[move_group-9] [ERROR] [1782047486.113580545] [moveit_robot_model.robot_model]: Joint 'Joint_3' not found in model 'bobby_v3'
[move_group-9] [ERROR] [1782047486.113583491] [moveit_robot_model.robot_model]: Joint 'Joint_4' not found in model 'bobby_v3'
[move_group-9] [ERROR] [1782047486.123517714] [moveit_robot_model.robot_model]: Joint 'Joint_1' not found in model 'bobby_v3'
[move_group-9] [ERROR] [1782047486.123553901] [moveit_robot_model.robot_model]: Joint 'Joint_2' not found in model 'bobby_v3'
[move_group-9] [ERROR] [1782047486.123557538] [moveit_robot_model.robot_model]: Joint 'Joint_3' not found in model 'bobby_v3'
[move_group-9] [ERROR] [1782047486.123560323] [moveit_robot_model.robot_model]: Joint 'Joint_4' not found in model 'bobby_v3'
[move_group-9] [ERROR] [1782047486.133569587] [moveit_robot_model.robot_model]: Joint 'Joint_1' not found in model 'bobby_v3'
[move_group-9] [ERROR] [1782047486.133612407] [moveit_robot_model.robot_model]: Joint 'Joint_2' not found in model 'bobby_v3'
[move_group-9] [ERROR] [1782047486.133630200] [moveit_robot_model.robot_model]: Joint 'Joint_3' not found in model 'bobby_v3'
[move_group-9] [ERROR] [1782047486.133633306] [moveit_robot_model.robot_model]: Joint 'Joint_4' not found in model 'bobby_v3'
[move_group-9] [ERROR] [1782047486.143505323] [moveit_robot_model.robot_model]: Joint 'Joint_1' not found in model 'bobby_v3'
[move_group-9] [ERROR] [1782047486.143539297] [moveit_robot_model.robot_model]: Joint 'Joint_2' not found in model 'bobby_v3'
[move_group-9] [ERROR] [1782047486.143542212] [moveit_robot_model.robot_model]: Joint 'Joint_3' not found in model 'bobby_v3'
[move_group-9] [ERROR] [1782047486.143544286] [moveit_robot_model.robot_model]: Joint 'Joint_4' not found in model 'bobby_v3'
[ERROR] [gzclient-2]: process has died [pid 34, exit code -6, cmd 'gzclient --gui-client-plugin=libgazebo_ros_eol_gui.so'].
[move_group-9] [ERROR] [1782047486.153455116] [moveit_robot_model.robot_model]: Joint 'Joint_1' not found in model 'bobby_v3'
[move_group-9] [ERROR] [1782047486.153486444] [moveit_robot_model.robot_model]: Joint 'Joint_2' not found in model 'bobby_v3'
[move_group-9] [ERROR] [1782047486.153489270] [moveit_robot_model.robot_model]: Joint 'Joint_3' not found in model 'bobby_v3'
[move_group-9] [ERROR] [1782047486.153491283] [moveit_robot_model.robot_model]: Joint 'Joint_4' not found in model 'bobby_v3'
[move_group-9] [ERROR] [1782047486.163582590] [moveit_robot_model.robot_model]: Joint 'Joint_1' not found in model 'bobby_v3'
[move_group-9] [ERROR] [1782047486.163620260] [moveit_robot_model.robot_model]: Joint 'Joint_2' not found in model 'bobby_v3'
[move_group-9] [ERROR] [1782047486.163623386] [moveit_robot_model.robot_model]: Joint 'Joint_3' not found in model 'bobby_v3'
[move_group-9] [ERROR] [1782047486.163625350] [moveit_robot_model.robot_model]: Joint 'Joint_4' not found in model 'bobby_v3'
[move_group-9] [ERROR] [1782047486.173644352] [moveit_robot_model.robot_model]: Joint 'Joint_1' not found in model 'bobby_v3'
[move_group-9] [ERROR] [1782047486.173684347] [moveit_robot_model.robot_model]: Joint 'Joint_2' not found in model 'bobby_v3'
[move_group-9] [ERROR] [1782047486.173688063] [moveit_robot_model.robot_model]: Joint 'Joint_3' not found in model 'bobby_v3'
[move_group-9] [ERROR] [1782047486.173690718] [moveit_robot_model.robot_model]: Joint 'Joint_4' not found in model 'bobby_v3'
[move_group-9] [ERROR] [1782047486.183663704] [moveit_robot_model.robot_model]: Joint 'Joint_1' not found in model 'bobby_v3'
[move_group-9] [ERROR] [1782047486.183698620] [moveit_robot_model.robot_model]: Joint 'Joint_2' not found in model 'bobby_v3'
[move_group-9] [ERROR] [1782047486.183701455] [moveit_robot_model.robot_model]: Joint 'Joint_3' not found in model 'bobby_v3'
[move_group-9] [ERROR] [1782047486.183703649] [moveit_robot_model.robot_model]: Joint 'Joint_4' not found in model 'bobby_v3'
[move_group-9] [ERROR] [1782047486.193586005] [moveit_robot_model.robot_model]: Joint 'Joint_1' not found in model 'bobby_v3'
[move_group-9] [ERROR] [1782047486.193619849] [moveit_robot_model.robot_model]: Joint 'Joint_2' not found in model 'bobby_v3'
[move_group-9] [ERROR] [1782047486.193622524] [moveit_robot_model.robot_model]: Joint 'Joint_3' not found in model 'bobby_v3'
[move_group-9] [ERROR] [1782047486.193624397] [moveit_robot_model.robot_model]: Joint 'Joint_4' not found in model 'bobby_v3'
[move_group-9] [ERROR] [1782047486.203694735] [moveit_robot_model.robot_model]: Joint 'Joint_1' not found in model 'bobby_v3'
[move_group-9] [ERROR] [1782047486.203768923] [moveit_robot_model.robot_model]: Joint 'Joint_2' not found in model 'bobby_v3'
[move_group-9] [ERROR] [1782047486.203774323] [moveit_robot_model.robot_model]: Joint 'Joint_3' not found in model 'bobby_v3'
[move_group-9] [ERROR] [1782047486.203777900] [moveit_robot_model.robot_model]: Joint 'Joint_4' not found in model 'bobby_v3'
[spawn_entity.py-7] [INFO] [1782047486.204880700] [spawn_entity]: Spawn status: Entity [bobby_pedestal] already exists.
[spawn_entity.py-7] [ERROR] [1782047486.205273604] [spawn_entity]: Spawn service failed. Exiting.
[move_group-9] [ERROR] [1782047486.213817380] [moveit_robot_model.robot_model]: Joint 'Joint_1' not found in model 'bobby_v3'
[move_group-9] [ERROR] [1782047486.213892651] [moveit_robot_model.robot_model]: Joint 'Joint_2' not found in model 'bobby_v3'
[move_group-9] [ERROR] [1782047486.213899694] [moveit_robot_model.robot_model]: Joint 'Joint_3' not found in model 'bobby_v3'
[move_group-9] [ERROR] [1782047486.213904693] [moveit_robot_model.robot_model]: Joint 'Joint_4' not found in model 'bobby_v3'
[move_group-9] [ERROR] [1782047486.223826073] [moveit_robot_model.robot_model]: Joint 'Joint_1' not found in model 'bobby_v3'
[move_group-9] [ERROR] [1782047486.223879312] [moveit_robot_model.robot_model]: Joint 'Joint_2' not found in model 'bobby_v3'
[move_group-9] [ERROR] [1782047486.223884432] [moveit_robot_model.robot_model]: Joint 'Joint_3' not found in model 'bobby_v3'
[move_group-9] [ERROR] [1782047486.223902004] [moveit_robot_model.robot_model]: Joint 'Joint_4' not found in model 'bobby_v3'
[move_group-9] [ERROR] [1782047486.233978073] [moveit_robot_model.robot_model]: Joint 'Joint_1' not found in model 'bobby_v3'
[move_group-9] [ERROR] [1782047486.234035750] [moveit_robot_model.robot_model]: Joint 'Joint_2' not found in model 'bobby_v3'
[move_group-9] [ERROR] [1782047486.234042894] [moveit_robot_model.robot_model]: Joint 'Joint_3' not found in model 'bobby_v3'
[move_group-9] [ERROR] [1782047486.234048033] [moveit_robot_model.robot_model]: Joint 'Joint_4' not found in model 'bobby_v3'
[move_group-9] [ERROR] [1782047486.243870017] [moveit_robot_model.robot_model]: Joint 'Joint_1' not found in model 'bobby_v3'
[move_group-9] [ERROR] [1782047486.243960857] [moveit_robot_model.robot_model]: Joint 'Joint_2' not found in model 'bobby_v3'
[move_group-9] [ERROR] [1782047486.243968040] [moveit_robot_model.robot_model]: Joint 'Joint_3' not found in model 'bobby_v3'
[move_group-9] [ERROR] [1782047486.243971737] [moveit_robot_model.robot_model]: Joint 'Joint_4' not found in model 'bobby_v3'
[move_group-9] [ERROR] [1782047486.253856799] [moveit_robot_model.robot_model]: Joint 'Joint_1' not found in model 'bobby_v3'
[move_group-9] [ERROR] [1782047486.253919836] [moveit_robot_model.robot_model]: Joint 'Joint_2' not found in model 'bobby_v3'
[move_group-9] [ERROR] [1782047486.253924906] [moveit_robot_model.robot_model]: Joint 'Joint_3' not found in model 'bobby_v3'
[move_group-9] [ERROR] [1782047486.253928362] [moveit_robot_model.robot_model]: Joint 'Joint_4' not found in model 'bobby_v3'
[move_group-9] [ERROR] [1782047486.263848720] [moveit_robot_model.robot_model]: Joint 'Joint_1' not found in model 'bobby_v3'
[move_group-9] [ERROR] [1782047486.263922358] [moveit_robot_model.robot_model]: Joint 'Joint_2' not found in model 'bobby_v3'
[move_group-9] [ERROR] [1782047486.263929501] [moveit_robot_model.robot_model]: Joint 'Joint_3' not found in model 'bobby_v3'
[move_group-9] [ERROR] [1782047486.263934530] [moveit_robot_model.robot_model]: Joint 'Joint_4' not found in model 'bobby_v3'
[move_group-9] [ERROR] [1782047486.273832135] [moveit_robot_model.robot_model]: Joint 'Joint_1' not found in model 'bobby_v3'
[move_group-9] [ERROR] [1782047486.273885555] [moveit_robot_model.robot_model]: Joint 'Joint_2' not found in model 'bobby_v3'
[move_group-9] [ERROR] [1782047486.273890324] [moveit_robot_model.robot_model]: Joint 'Joint_3' not found in model 'bobby_v3'
[move_group-9] [ERROR] [1782047486.273893830] [moveit_robot_model.robot_model]: Joint 'Joint_4' not found in model 'bobby_v3'
[move_group-9] [ERROR] [1782047486.283810932] [moveit_robot_model.robot_model]: Joint 'Joint_1' not found in model 'bobby_v3'
[move_group-9] [ERROR] [1782047486.283855245] [moveit_robot_model.robot_model]: Joint 'Joint_2' not found in model 'bobby_v3'
[move_group-9] [ERROR] [1782047486.283858511] [moveit_robot_model.robot_model]: Joint 'Joint_3' not found in model 'bobby_v3'
[move_group-9] [ERROR] [1782047486.283860685] [moveit_robot_model.robot_model]: Joint 'Joint_4' not found in model 'bobby_v3'
[move_group-9] [ERROR] [1782047486.293817110] [moveit_robot_model.robot_model]: Joint 'Joint_1' not found in model 'bobby_v3'
[move_group-9] [ERROR] [1782047486.293854399] [moveit_robot_model.robot_model]: Joint 'Joint_2' not found in model 'bobby_v3'
[move_group-9] [ERROR] [1782047486.293857555] [moveit_robot_model.robot_model]: Joint 'Joint_3' not found in model 'bobby_v3'
[move_group-9] [ERROR] [1782047486.293859669] [moveit_robot_model.robot_model]: Joint 'Joint_4' not found in model 'bobby_v3'
[move_group-9] [ERROR] [1782047486.303877529] [moveit_robot_model.robot_model]: Joint 'Joint_1' not found in model 'bobby_v3'
[move_group-9] [ERROR] [1782047486.303918405] [moveit_robot_model.robot_model]: Joint 'Joint_2' not found in model 'bobby_v3'
[move_group-9] [ERROR] [1782047486.303921521] [moveit_robot_model.robot_model]: Joint 'Joint_3' not found in model 'bobby_v3'
[move_group-9] [ERROR] [1782047486.303923685] [moveit_robot_model.robot_model]: Joint 'Joint_4' not found in model 'bobby_v3'
[move_group-9] [ERROR] [1782047486.313857097] [moveit_robot_model.robot_model]: Joint 'Joint_1' not found in model 'bobby_v3'
[move_group-9] [ERROR] [1782047486.313895639] [moveit_robot_model.robot_model]: Joint 'Joint_2' not found in model 'bobby_v3'
[move_group-9] [ERROR] [1782047486.313898595] [moveit_robot_model.robot_model]: Joint 'Joint_3' not found in model 'bobby_v3'
[move_group-9] [ERROR] [1782047486.313900618] [moveit_robot_model.robot_model]: Joint 'Joint_4' not found in model 'bobby_v3'
[move_group-9] [ERROR] [1782047486.323741638] [moveit_robot_model.robot_model]: Joint 'Joint_1' not found in model 'bobby_v3'
[move_group-9] [ERROR] [1782047486.323776362] [moveit_robot_model.robot_model]: Joint 'Joint_2' not found in model 'bobby_v3'
[move_group-9] [ERROR] [1782047486.323780119] [moveit_robot_model.robot_model]: Joint 'Joint_3' not found in model 'bobby_v3'
[move_group-9] [ERROR] [1782047486.323782764] [moveit_robot_model.robot_model]: Joint 'Joint_4' not found in model 'bobby_v3'
[move_group-9] [ERROR] [1782047486.333714002] [moveit_robot_model.robot_model]: Joint 'Joint_1' not found in model 'bobby_v3'
[move_group-9] [ERROR] [1782047486.333753095] [moveit_robot_model.robot_model]: Joint 'Joint_2' not found in model 'bobby_v3'
[move_group-9] [ERROR] [1782047486.333756852] [moveit_robot_model.robot_model]: Joint 'Joint_3' not found in model 'bobby_v3'
[move_group-9] [ERROR] [1782047486.333759588] [moveit_robot_model.robot_model]: Joint 'Joint_4' not found in model 'bobby_v3'
[move_group-9] [ERROR] [1782047486.343695614] [moveit_robot_model.robot_model]: Joint 'Joint_1' not found in model 'bobby_v3'
[move_group-9] [ERROR] [1782047486.343738574] [moveit_robot_model.robot_model]: Joint 'Joint_2' not found in model 'bobby_v3'
[move_group-9] [ERROR] [1782047486.343741550] [moveit_robot_model.robot_model]: Joint 'Joint_3' not found in model 'bobby_v3'
[move_group-9] [ERROR] [1782047486.343743614] [moveit_robot_model.robot_model]: Joint 'Joint_4' not found in model 'bobby_v3'
[ERROR] [spawn_entity.py-7]: process has died [pid 44, exit code 1, cmd '/opt/ros/humble/lib/gazebo_ros/spawn_entity.py -file /ros2_ws/install/scara_robot_pkg/share/scara_robot_pkg/urdf/pedestal.urdf -entity bobby_pedestal -x 0.0 -y 1.5 -z 0.0 --ros-args'].
[spawn_entity.py-8] [INFO] [1782047486.425169788] [spawn_entity]: Spawn status: SpawnEntity: Successfully spawned entity [combined_cell]
[INFO] [spawn_entity.py-8]: process has finished cleanly [pid 46]
[INFO] [spawner-10]: process started with pid [198]
[INFO] [spawner-11]: process started with pid [200]
[INFO] [spawner-12]: process started with pid [202]
[INFO] [spawner-13]: process started with pid [204]
[spawner-12] [INFO] [1782047486.817370673] [spawner_bobby_arm_controller]: waiting for service /controller_manager/list_controllers to become available...
[spawner-11] [INFO] [1782047486.819284136] [spawner_arm_trajectory_controller]: waiting for service /controller_manager/list_controllers to become available...
[spawner-13] [INFO] [1782047486.820578884] [spawner_bobby_gripper_controller]: waiting for service /controller_manager/list_controllers to become available...
[spawner-10] [INFO] [1782047486.828598432] [spawner_joint_state_broadcaster]: waiting for service /controller_manager/list_controllers to become available...
[spawner-12] [WARN] [1782047496.831009887] [spawner_bobby_arm_controller]: Could not contact service /controller_manager/list_controllers
[spawner-12] [INFO] [1782047496.831376842] [spawner_bobby_arm_controller]: waiting for service /controller_manager/list_controllers to become available...
[spawner-11] [WARN] [1782047496.832840676] [spawner_arm_trajectory_controller]: Could not contact service /controller_manager/list_controllers
[spawner-11] [INFO] [1782047496.833099379] [spawner_arm_trajectory_controller]: waiting for service /controller_manager/list_controllers to become available...
[spawner-13] [WARN] [1782047496.833896428] [spawner_bobby_gripper_controller]: Could not contact service /controller_manager/list_controllers
[spawner-13] [INFO] [1782047496.834157826] [spawner_bobby_gripper_controller]: waiting for service /controller_manager/list_controllers to become available...
[spawner-10] [WARN] [1782047496.841833812] [spawner_joint_state_broadcaster]: Could not contact service /controller_manager/list_controllers
[spawner-10] [INFO] [1782047496.842089099] [spawner_joint_state_broadcaster]: waiting for service /controller_manager/list_controllers to become available...
[spawner-12] [WARN] [1782047506.845310441] [spawner_bobby_arm_controller]: Could not contact service /controller_manager/list_controllers
[spawner-12] [INFO] [1782047506.845689289] [spawner_bobby_arm_controller]: waiting for service /controller_manager/list_controllers to become available...
[spawner-11] [WARN] [1782047506.846818137] [spawner_arm_trajectory_controller]: Could not contact service /controller_manager/list_controllers
[spawner-11] [INFO] [1782047506.847077512] [spawner_arm_trajectory_controller]: waiting for service /controller_manager/list_controllers to become available...
[spawner-13] [WARN] [1782047506.848016856] [spawner_bobby_gripper_controller]: Could not contact service /controller_manager/list_controllers
[spawner-13] [INFO] [1782047506.848281681] [spawner_bobby_gripper_controller]: waiting for service /controller_manager/list_controllers to become available...
[spawner-10] [WARN] [1782047506.855883950] [spawner_joint_state_broadcaster]: Could not contact service /controller_manager/list_controllers
[spawner-10] [INFO] [1782047506.856149646] [spawner_joint_state_broadcaster]: waiting for service /controller_manager/list_controllers to become available...
[spawner-12] [WARN] [1782047516.859814615] [spawner_bobby_arm_controller]: Could not contact service /controller_manager/list_controllers
[spawner-12] [INFO] [1782047516.860195005] [spawner_bobby_arm_controller]: waiting for service /controller_manager/list_controllers to become available...
[spawner-11] [WARN] [1782047516.860887549] [spawner_arm_trajectory_controller]: Could not contact service /controller_manager/list_controllers
[spawner-11] [INFO] [1782047516.861155429] [spawner_arm_trajectory_controller]: waiting for service /controller_manager/list_controllers to become available...
[spawner-13] [WARN] [1782047516.861332470] [spawner_bobby_gripper_controller]: Could not contact service /controller_manager/list_controllers
[spawner-13] [INFO] [1782047516.861589450] [spawner_bobby_gripper_controller]: waiting for service /controller_manager/list_controllers to become available...
[spawner-10] [WARN] [1782047516.869798752] [spawner_joint_state_broadcaster]: Could not contact service /controller_manager/list_controllers
[spawner-10] [INFO] [1782047516.870082753] [spawner_joint_state_broadcaster]: waiting for service /controller_manager/list_controllers to become available...
[spawner-12] [WARN] [1782047526.873939688] [spawner_bobby_arm_controller]: Could not contact service /controller_manager/list_controllers
[spawner-12] [INFO] [1782047526.874203170] [spawner_bobby_arm_controller]: waiting for service /controller_manager/list_controllers to become available...
[spawner-11] [WARN] [1782047526.874896114] [spawner_arm_trajectory_controller]: Could not contact service /controller_manager/list_controllers
[spawner-13] [WARN] [1782047526.875153805] [spawner_bobby_gripper_controller]: Could not contact service /controller_manager/list_controllers
[spawner-11] [INFO] [1782047526.875221081] [spawner_arm_trajectory_controller]: waiting for service /controller_manager/list_controllers to become available...
[spawner-13] [INFO] [1782047526.875393042] [spawner_bobby_gripper_controller]: waiting for service /controller_manager/list_controllers to become available...
[spawner-10] [WARN] [1782047526.883143128] [spawner_joint_state_broadcaster]: Could not contact service /controller_manager/list_controllers
[spawner-10] [INFO] [1782047526.883455781] [spawner_joint_state_broadcaster]: waiting for service /controller_manager/list_controllers to become available...
[spawner-12] [WARN] [1782047536.888603593] [spawner_bobby_arm_controller]: Could not contact service /controller_manager/list_controllers
[spawner-11] [WARN] [1782047536.888933369] [spawner_arm_trajectory_controller]: Could not contact service /controller_manager/list_controllers
[spawner-12] [INFO] [1782047536.889085393] [spawner_bobby_arm_controller]: waiting for service /controller_manager/list_controllers to become available...
[spawner-11] [INFO] [1782047536.889297128] [spawner_arm_trajectory_controller]: waiting for service /controller_manager/list_controllers to become available...
[spawner-13] [WARN] [1782047536.889354986] [spawner_bobby_gripper_controller]: Could not contact service /controller_manager/list_controllers
[spawner-13] [INFO] [1782047536.889613910] [spawner_bobby_gripper_controller]: waiting for service /controller_manager/list_controllers to become available...
[spawner-10] [WARN] [1782047536.897179210] [spawner_joint_state_broadcaster]: Could not contact service /controller_manager/list_controllers
[spawner-10] [INFO] [1782047536.897432754] [spawner_joint_state_broadcaster]: waiting for service /controller_manager/list_controllers to become available...
[spawner-12] [WARN] [1782047546.902931614] [spawner_bobby_arm_controller]: Could not contact service /controller_manager/list_controllers
[spawner-11] [WARN] [1782047546.902999842] [spawner_arm_trajectory_controller]: Could not contact service /controller_manager/list_controllers
[spawner-12] [INFO] [1782047546.903220414] [spawner_bobby_arm_controller]: waiting for service /controller_manager/list_controllers to become available...
[spawner-13] [WARN] [1782047546.903273252] [spawner_bobby_gripper_controller]: Could not contact service /controller_manager/list_controllers
[spawner-11] [INFO] [1782047546.903361738] [spawner_arm_trajectory_controller]: waiting for service /controller_manager/list_controllers to become available...
[spawner-13] [INFO] [1782047546.903561601] [spawner_bobby_gripper_controller]: waiting for service /controller_manager/list_controllers to become available...
[spawner-10] [WARN] [1782047546.910830388] [spawner_joint_state_broadcaster]: Could not contact service /controller_manager/list_controllers
[spawner-10] [INFO] [1782047546.911085264] [spawner_joint_state_broadcaster]: waiting for service /controller_manager/list_controllers to become available...
[spawner-12] [WARN] [1782047556.917276850] [spawner_bobby_arm_controller]: Could not contact service /controller_manager/list_controllers
[spawner-13] [WARN] [1782047556.917679983] [spawner_bobby_gripper_controller]: Could not contact service /controller_manager/list_controllers
[spawner-11] [WARN] [1782047556.917680584] [spawner_arm_trajectory_controller]: Could not contact service /controller_manager/list_controllers
[spawner-12] [INFO] [1782047556.917744062] [spawner_bobby_arm_controller]: waiting for service /controller_manager/list_controllers to become available...
[spawner-13] [INFO] [1782047556.918041999] [spawner_bobby_gripper_controller]: waiting for service /controller_manager/list_controllers to become available...
[spawner-11] [INFO] [1782047556.918041989] [spawner_arm_trajectory_controller]: waiting for service /controller_manager/list_controllers to become available...
[spawner-10] [WARN] [1782047556.924885692] [spawner_joint_state_broadcaster]: Could not contact service /controller_manager/list_controllers
[spawner-10] [INFO] [1782047556.925361450] [spawner_joint_state_broadcaster]: waiting for service /controller_manager/list_controllers to become available...
[gzserver-1] ALSA lib confmisc.c:855:(parse_card) cannot find card '0'
[gzserver-1] ALSA lib conf.c:5178:(_snd_config_evaluate) function snd_func_card_inum returned error: No such file or directory
[gzserver-1] ALSA lib confmisc.c:422:(snd_func_concat) error evaluating strings
[gzserver-1] ALSA lib conf.c:5178:(_snd_config_evaluate) function snd_func_concat returned error: No such file or directory
[gzserver-1] ALSA lib confmisc.c:1334:(snd_func_refer) error evaluating name
[gzserver-1] ALSA lib conf.c:5178:(_snd_config_evaluate) function snd_func_refer returned error: No such file or directory
[gzserver-1] ALSA lib conf.c:5701:(snd_config_expand) Evaluate error: No such file or directory
[gzserver-1] ALSA lib pcm.c:2664:(snd_pcm_open_noupdate) Unknown PCM default
[gzserver-1] AL lib: (EE) ALCplaybackAlsa_open: Could not open playback device 'default': No such file or directory
[gzserver-1] [INFO] [1782047558.882250024] [belt1_sonar_plugin]: missing <radiation_type>, defaulting to infrared
[gzserver-1] [INFO] [1782047558.886512275] [belt2_sonar_plugin]: missing <radiation_type>, defaulting to infrared
[gzserver-1] [INFO] [1782047558.897733174] [gazebo_ros_state]: Publishing states of gazebo models at [/model_states]
[gzserver-1] [INFO] [1782047558.898191891] [gazebo_ros_state]: Publishing states of gazebo links at [/link_states]
[gzserver-1] [INFO] [1782047558.917968090] [ros2_conveyorbelt_plugin]: GAZEBO ConveyorBelt plugin loaded successfully.
[gzserver-1] [INFO] [1782047558.925811460] [belt2.ros2_conveyorbelt_plugin]: GAZEBO ConveyorBelt plugin loaded successfully.
[move_group-9] [WARN] [1782047559.027301910] [tf2_buffer]: Detected jump back in time. Clearing TF buffer.
[move_group-9] [WARN] [1782047559.027347365] [tf2_buffer]: Detected jump back in time. Clearing TF buffer.
[spawner-11] [WARN] [1782047566.931592732] [spawner_arm_trajectory_controller]: Could not contact service /controller_manager/list_controllers
[spawner-12] [WARN] [1782047566.931599365] [spawner_bobby_arm_controller]: Could not contact service /controller_manager/list_controllers
[spawner-11] [INFO] [1782047566.931896570] [spawner_arm_trajectory_controller]: waiting for service /controller_manager/list_controllers to become available...
[spawner-12] [INFO] [1782047566.931926947] [spawner_bobby_arm_controller]: waiting for service /controller_manager/list_controllers to become available...
[spawner-13] [WARN] [1782047566.931982801] [spawner_bobby_gripper_controller]: Could not contact service /controller_manager/list_controllers
[spawner-13] [INFO] [1782047566.932267573] [spawner_bobby_gripper_controller]: waiting for service /controller_manager/list_controllers to become available...
[spawner-10] [WARN] [1782047566.939197207] [spawner_joint_state_broadcaster]: Could not contact service /controller_manager/list_controllers
[spawner-10] [INFO] [1782047566.939466409] [spawner_joint_state_broadcaster]: waiting for service /controller_manager/list_controllers to become available...
[spawner-12] [WARN] [1782047576.945264193] [spawner_bobby_arm_controller]: Could not contact service /controller_manager/list_controllers
[spawner-12] [INFO] [1782047576.945551780] [spawner_bobby_arm_controller]: waiting for service /controller_manager/list_controllers to become available...
[spawner-11] [WARN] [1782047576.946122045] [spawner_arm_trajectory_controller]: Could not contact service /controller_manager/list_controllers
[spawner-13] [WARN] [1782047576.946299386] [spawner_bobby_gripper_controller]: Could not contact service /controller_manager/list_controllers
[spawner-11] [INFO] [1782047576.946499290] [spawner_arm_trajectory_controller]: waiting for service /controller_manager/list_controllers to become available...
[spawner-13] [INFO] [1782047576.946623311] [spawner_bobby_gripper_controller]: waiting for service /controller_manager/list_controllers to become available...
[spawner-10] [WARN] [1782047576.953451315] [spawner_joint_state_broadcaster]: Could not contact service /controller_manager/list_controllers
[spawner-10] [INFO] [1782047576.953902147] [spawner_joint_state_broadcaster]: waiting for service /controller_manager/list_controllers to become available...
[move_group-9] [INFO] [1782047584.679803496] [rclcpp]: signal_handler(SIGINT/SIGTERM)
[gzserver-1] [INFO] [1782047584.682227724] [rclcpp]: signal_handler(SIGINT/SIGTERM)
[spawn_entity.py-6] Traceback (most recent call last):
[spawn_entity.py-6]   File "/opt/ros/humble/lib/gazebo_ros/spawn_entity.py", line 372, in <module>
[spawn_entity.py-6]     main()
[spawn_entity.py-6]   File "/opt/ros/humble/lib/gazebo_ros/spawn_entity.py", line 367, in main
[spawn_entity.py-6]     exit_code = spawn_entity_node.run()
[spawn_entity.py-6]   File "/opt/ros/humble/lib/gazebo_ros/spawn_entity.py", line 228, in run
[spawn_entity.py-6]     success = self._spawn_entity(entity_xml, initial_pose, spawn_service_timeout)
[spawn_entity.py-6]   File "/opt/ros/humble/lib/gazebo_ros/spawn_entity.py", line 290, in _spawn_entity
[spawn_entity.py-6]     rclpy.spin_once(self)
[spawn_entity.py-6]   File "/opt/ros/humble/local/lib/python3.10/dist-packages/rclpy/__init__.py", line 208, in spin_once
[spawn_entity.py-6]     executor.spin_once(timeout_sec=timeout_sec)
[spawn_entity.py-6]   File "/opt/ros/humble/local/lib/python3.10/dist-packages/rclpy/executors.py", line 808, in spin_once
[spawn_entity.py-6]     self._spin_once_impl(timeout_sec)
[spawn_entity.py-6]   File "/opt/ros/humble/local/lib/python3.10/dist-packages/rclpy/executors.py", line 797, in _spin_once_impl
[spawn_entity.py-6]     handler, entity, node = self.wait_for_ready_callbacks(timeout_sec=timeout_sec)
[spawn_entity.py-6]   File "/opt/ros/humble/local/lib/python3.10/dist-packages/rclpy/executors.py", line 780, in wait_for_ready_callbacks
[spawn_entity.py-6]     return next(self._cb_iter)
[spawn_entity.py-6]   File "/opt/ros/humble/local/lib/python3.10/dist-packages/rclpy/executors.py", line 681, in _wait_for_ready_callbacks
[spawn_entity.py-6]     raise ExternalShutdownException()
[spawn_entity.py-6] rclpy.executors.ExternalShutdownException
[ERROR] [spawner-13]: process has died [pid 204, exit code -15, cmd '/opt/ros/humble/lib/controller_manager/spawner bobby_gripper_controller -c /controller_manager --ros-args'].
[ERROR] [spawner-10]: process has died [pid 198, exit code -15, cmd '/opt/ros/humble/lib/controller_manager/spawner joint_state_broadcaster -c /controller_manager --ros-args'].
[ERROR] [spawner-11]: process has died [pid 200, exit code -15, cmd '/opt/ros/humble/lib/controller_manager/spawner arm_trajectory_controller -c /controller_manager --ros-args'].
[ERROR] [spawner-12]: process has died [pid 202, exit code -15, cmd '/opt/ros/humble/lib/controller_manager/spawner bobby_arm_controller -c /controller_manager --ros-args'].
[move_group-9] [INFO] [1782047584.696645455] [moveit.ros_planning_interface.moveit_cpp]: Deleting MoveItCpp
[move_group-9] [INFO] [1782047584.697397630] [moveit_ros.planning_scene_monitor.planning_scene_monitor]: Stopped publishing maintained planning scene.
[move_group-9] [INFO] [1782047584.698060158] [moveit_ros.planning_scene_monitor.planning_scene_monitor]: Stopping world geometry monitor
[move_group-9] [INFO] [1782047584.698430890] [moveit_ros.planning_scene_monitor.planning_scene_monitor]: Stopping planning scene monitor
[move_group-9] Warning: class_loader.ClassLoader: SEVERE WARNING!!! Attempting to unload library while objects created by this loader exist in the heap! You should delete your objects before attempting to unload the library or destroying the ClassLoader. The library will NOT be unloaded.
[move_group-9]          at line 127 in ./src/class_loader.cpp
[move_group-9] Stack trace (most recent call last):
[move_group-9] #11   Object "/usr/lib/x86_64-linux-gnu/ld-linux-x86-64.so.2", at 0xffffffffffffffff, in 
[move_group-9] #10   Object "/opt/ros/humble/lib/moveit_ros_move_group/move_group", at 0x5fb92d8bb724, in 
[move_group-9] #9    Object "/usr/lib/x86_64-linux-gnu/libc.so.6", at 0x702115b75e3f, in __libc_start_main
[move_group-9] #8    Object "/usr/lib/x86_64-linux-gnu/libc.so.6", at 0x702115b75d8f, in 
[move_group-9] #7    Object "/opt/ros/humble/lib/moveit_ros_move_group/move_group", at 0x5fb92d8ba6a1, in 
[move_group-9] #6    Object "/opt/ros/humble/lib/moveit_ros_move_group/move_group", at 0x5fb92d8bc709, in 
[move_group-9] #5    Object "/opt/ros/humble/lib/librclcpp.so", at 0x70211613eb2e, in rclcpp::Node::~Node()
[move_group-9] #4    Object "/opt/ros/humble/lib/librclcpp.so", at 0x702116119d39, in 
[move_group-9] #3    Object "/opt/ros/humble/lib/librclcpp.so", at 0x7021161480b9, in 
[move_group-9] #2    Object "/opt/ros/humble/lib/librclcpp.so", at 0x702116148000, in rclcpp::node_interfaces::NodeBase::~NodeBase()
[move_group-9] #1    Object "/opt/ros/humble/lib/librclcpp.so", at 0x702116119d39, in 
[move_group-9] #0    Object "/opt/ros/humble/lib/librclcpp.so", at 0x70211611eb31, in rclcpp::CallbackGroup::~CallbackGroup()
[move_group-9] Segmentation fault (Address not mapped to object [0x7020ec3d7850])
[ERROR] [move_group-9]: process has died [pid 48, exit code -11, cmd '/opt/ros/humble/lib/moveit_ros_move_group/move_group --ros-args --params-file /tmp/launch_params_k1_x1l49 --params-file /tmp/launch_params_7syazuij'].
[move_group-9] [0m
[ERROR] [spawn_entity.py-6]: process has died [pid 42, exit code 1, cmd '/opt/ros/humble/lib/gazebo_ros/spawn_entity.py -file /ros2_ws/install/scara_robot_pkg/share/scara_robot_pkg/urdf/pedestal.urdf -entity scara_pedestal -x -1.0 -y 0.0 -z 0.0 --ros-args'].
